2025-05-21 15:37:06,082 - __main__ - INFO - 招聘数据分析系统初始化完成
2025-05-21 15:39:01,888 - __main__ - INFO - 招聘数据分析系统初始化完成
2025-05-21 15:40:32,069 - __main__ - INFO - 招聘数据分析系统初始化完成
2025-05-21 15:40:32,094 - bin.DataAnalyzer - INFO - 数据分析模块初始化完成
2025-05-21 15:40:32,094 - __main__ - INFO - 使用已有数据，跳过收集步骤
2025-05-21 15:40:32,094 - __main__ - INFO - 跳过数据存储步骤
2025-05-21 15:40:32,094 - __main__ - INFO - 开始分析range(2022, 2026)年的数据
2025-05-21 15:40:32,094 - __main__ - INFO - 处理2022年数据
2025-05-21 15:40:32,121 - bin.DataAnalyzer - INFO - 查询 2022 年数据，返回 3547 条记录
2025-05-21 15:40:32,432 - bin.DataAnalyzer - INFO - 2022年职位要求文本总长度: 1680032
2025-05-21 15:40:36,733 - bin.DataAnalyzer - INFO - 词云图已保存至: result/wordcloud\2022_wordcloud.png
2025-05-21 15:40:36,806 - bin.DataAnalyzer - INFO - 热力图已保存至: result/salary/2022.html
2025-05-21 15:40:37,156 - __main__ - INFO - 处理2023年数据
2025-05-21 15:40:37,196 - bin.DataAnalyzer - INFO - 查询 2023 年数据，返回 4427 条记录
2025-05-21 15:40:37,198 - bin.DataAnalyzer - INFO - 2023年职位要求文本总长度: 313777
2025-05-21 15:40:38,480 - bin.DataAnalyzer - INFO - 词云图已保存至: result/wordcloud\2023_wordcloud.png
2025-05-21 15:40:38,536 - bin.DataAnalyzer - INFO - 热力图已保存至: result/salary/2023.html
2025-05-21 15:40:38,875 - __main__ - INFO - 处理2024年数据
2025-05-21 15:40:38,913 - bin.DataAnalyzer - INFO - 查询 2024 年数据，返回 2322 条记录
2025-05-21 15:40:38,966 - bin.DataAnalyzer - INFO - 2024年职位要求文本总长度: 827915
2025-05-21 15:40:41,394 - bin.DataAnalyzer - INFO - 词云图已保存至: result/wordcloud\2024_wordcloud.png
2025-05-21 15:40:41,450 - bin.DataAnalyzer - INFO - 热力图已保存至: result/salary/2024.html
2025-05-21 15:40:41,777 - __main__ - INFO - 处理2025年数据
2025-05-21 15:40:41,840 - bin.DataAnalyzer - INFO - 查询 2025 年数据，返回 7785 条记录
2025-05-21 15:40:43,390 - bin.DataAnalyzer - INFO - 2025年职位要求文本总长度: 1908298
2025-05-21 15:40:47,946 - bin.DataAnalyzer - INFO - 词云图已保存至: result/wordcloud\2025_wordcloud.png
2025-05-21 15:40:48,024 - bin.DataAnalyzer - INFO - 热力图已保存至: result/salary/2025.html
2025-05-21 15:40:48,516 - bin.DataAnalyzer - INFO - 查询 2022 年数据，返回 3547 条记录
2025-05-21 15:40:48,837 - bin.DataAnalyzer - INFO - 2022年职位要求文本总长度: 1680032
2025-05-21 15:40:48,909 - bin.DataAnalyzer - INFO - 查询 2023 年数据，返回 4427 条记录
2025-05-21 15:40:48,910 - bin.DataAnalyzer - INFO - 2023年职位要求文本总长度: 313777
2025-05-21 15:40:48,985 - bin.DataAnalyzer - INFO - 查询 2024 年数据，返回 2322 条记录
2025-05-21 15:40:49,037 - bin.DataAnalyzer - INFO - 2024年职位要求文本总长度: 827915
2025-05-21 15:40:49,141 - bin.DataAnalyzer - INFO - 查询 2025 年数据，返回 7785 条记录
2025-05-21 15:40:50,774 - bin.DataAnalyzer - INFO - 2025年职位要求文本总长度: 1908298
2025-05-21 15:41:00,481 - bin.DataAnalyzer - INFO - 词云图已保存至: result/wordcloud\2022-2025_wordcloud.png
2025-05-21 15:41:00,871 - __main__ - INFO - 数据分析完成
2025-05-21 15:41:00,873 - __main__ - INFO - 启动图形界面
2025-05-21 15:49:19,810 - __main__ - INFO - 招聘数据分析系统初始化完成
2025-05-21 15:49:19,836 - bin.DataAnalyzer - INFO - 数据分析模块初始化完成
2025-05-21 15:49:19,837 - __main__ - INFO - 使用已有数据，跳过收集步骤
2025-05-21 15:49:19,837 - __main__ - INFO - 跳过数据存储步骤
2025-05-21 15:49:19,837 - __main__ - INFO - 开始分析range(2022, 2026)年的数据
2025-05-21 15:49:19,837 - __main__ - INFO - 处理2022年数据
2025-05-21 15:49:19,861 - bin.DataAnalyzer - INFO - 查询 2022 年数据，返回 3547 条记录
2025-05-21 15:49:20,180 - bin.DataAnalyzer - INFO - 2022年职位要求文本总长度: 1680032
2025-05-21 15:49:24,423 - bin.DataAnalyzer - INFO - 词云图已保存至: result/wordcloud\2022_wordcloud.png
2025-05-21 15:49:24,495 - bin.DataAnalyzer - INFO - 热力图已保存至: result/heatmap/2022.heatmap
2025-05-21 15:49:24,847 - __main__ - INFO - 处理2023年数据
2025-05-21 15:49:24,887 - bin.DataAnalyzer - INFO - 查询 2023 年数据，返回 4427 条记录
2025-05-21 15:49:24,889 - bin.DataAnalyzer - INFO - 2023年职位要求文本总长度: 313777
2025-05-21 15:49:26,135 - bin.DataAnalyzer - INFO - 词云图已保存至: result/wordcloud\2023_wordcloud.png
2025-05-21 15:49:26,195 - bin.DataAnalyzer - INFO - 热力图已保存至: result/heatmap/2023.heatmap
2025-05-21 15:49:26,527 - __main__ - INFO - 处理2024年数据
2025-05-21 15:49:26,559 - bin.DataAnalyzer - INFO - 查询 2024 年数据，返回 2322 条记录
2025-05-21 15:49:26,613 - bin.DataAnalyzer - INFO - 2024年职位要求文本总长度: 827915
2025-05-21 15:49:28,953 - bin.DataAnalyzer - INFO - 词云图已保存至: result/wordcloud\2024_wordcloud.png
2025-05-21 15:49:29,004 - bin.DataAnalyzer - INFO - 热力图已保存至: result/heatmap/2024.heatmap
2025-05-21 15:49:29,349 - __main__ - INFO - 处理2025年数据
2025-05-21 15:49:29,404 - bin.DataAnalyzer - INFO - 查询 2025 年数据，返回 7785 条记录
2025-05-21 15:49:30,997 - bin.DataAnalyzer - INFO - 2025年职位要求文本总长度: 1908298
2025-05-21 15:49:35,556 - bin.DataAnalyzer - INFO - 词云图已保存至: result/wordcloud\2025_wordcloud.png
2025-05-21 15:49:35,622 - bin.DataAnalyzer - INFO - 热力图已保存至: result/heatmap/2025.heatmap
2025-05-21 15:49:36,109 - bin.DataAnalyzer - INFO - 查询 2022 年数据，返回 3547 条记录
2025-05-21 15:49:36,445 - bin.DataAnalyzer - INFO - 2022年职位要求文本总长度: 1680032
2025-05-21 15:49:36,518 - bin.DataAnalyzer - INFO - 查询 2023 年数据，返回 4427 条记录
2025-05-21 15:49:36,521 - bin.DataAnalyzer - INFO - 2023年职位要求文本总长度: 313777
2025-05-21 15:49:36,595 - bin.DataAnalyzer - INFO - 查询 2024 年数据，返回 2322 条记录
2025-05-21 15:49:36,646 - bin.DataAnalyzer - INFO - 2024年职位要求文本总长度: 827915
2025-05-21 15:49:36,732 - bin.DataAnalyzer - INFO - 查询 2025 年数据，返回 7785 条记录
2025-05-21 15:49:38,353 - bin.DataAnalyzer - INFO - 2025年职位要求文本总长度: 1908298
2025-05-21 15:49:48,019 - bin.DataAnalyzer - INFO - 词云图已保存至: result/wordcloud\2022-2025_wordcloud.png
2025-05-21 15:49:48,411 - __main__ - INFO - 数据分析完成
2025-05-21 15:49:48,414 - __main__ - INFO - 启动图形界面
2025-05-21 15:51:22,598 - __main__ - INFO - 招聘数据分析系统初始化完成
2025-05-21 15:51:22,622 - bin.DataAnalyzer - INFO - 数据分析模块初始化完成
2025-05-21 15:51:22,622 - __main__ - INFO - 使用已有数据，跳过收集步骤
2025-05-21 15:51:22,622 - __main__ - INFO - 跳过数据存储步骤
2025-05-21 15:51:22,622 - __main__ - INFO - 开始分析range(2022, 2026)年的数据
2025-05-21 15:51:22,622 - __main__ - INFO - 处理2022年数据
2025-05-21 15:51:22,649 - bin.DataAnalyzer - INFO - 查询 2022 年数据，返回 3547 条记录
2025-05-21 15:51:22,969 - bin.DataAnalyzer - INFO - 2022年职位要求文本总长度: 1680032
2025-05-21 15:51:27,212 - bin.DataAnalyzer - INFO - 词云图已保存至: result/wordcloud\2022_wordcloud.png
2025-05-21 15:51:27,271 - bin.DataAnalyzer - INFO - 热力图已保存至: result/heatmap/2022.html
2025-05-21 15:51:27,625 - __main__ - INFO - 处理2023年数据
2025-05-21 15:51:27,661 - bin.DataAnalyzer - INFO - 查询 2023 年数据，返回 4427 条记录
2025-05-21 15:51:27,663 - bin.DataAnalyzer - INFO - 2023年职位要求文本总长度: 313777
2025-05-21 15:51:28,908 - bin.DataAnalyzer - INFO - 词云图已保存至: result/wordcloud\2023_wordcloud.png
2025-05-21 15:51:28,955 - bin.DataAnalyzer - INFO - 热力图已保存至: result/heatmap/2023.html
2025-05-21 15:51:29,289 - __main__ - INFO - 处理2024年数据
2025-05-21 15:51:29,318 - bin.DataAnalyzer - INFO - 查询 2024 年数据，返回 2322 条记录
2025-05-21 15:51:29,370 - bin.DataAnalyzer - INFO - 2024年职位要求文本总长度: 827915
2025-05-21 15:51:31,725 - bin.DataAnalyzer - INFO - 词云图已保存至: result/wordcloud\2024_wordcloud.png
2025-05-21 15:51:31,777 - bin.DataAnalyzer - INFO - 热力图已保存至: result/heatmap/2024.html
2025-05-21 15:51:32,125 - __main__ - INFO - 处理2025年数据
2025-05-21 15:51:32,174 - bin.DataAnalyzer - INFO - 查询 2025 年数据，返回 7785 条记录
2025-05-21 15:51:33,873 - bin.DataAnalyzer - INFO - 2025年职位要求文本总长度: 1908298
2025-05-21 15:51:38,387 - bin.DataAnalyzer - INFO - 词云图已保存至: result/wordcloud\2025_wordcloud.png
2025-05-21 15:51:38,463 - bin.DataAnalyzer - INFO - 热力图已保存至: result/heatmap/2025.html
2025-05-21 15:51:38,941 - bin.DataAnalyzer - INFO - 查询 2022 年数据，返回 3547 条记录
2025-05-21 15:51:39,267 - bin.DataAnalyzer - INFO - 2022年职位要求文本总长度: 1680032
2025-05-21 15:51:39,330 - bin.DataAnalyzer - INFO - 查询 2023 年数据，返回 4427 条记录
2025-05-21 15:51:39,332 - bin.DataAnalyzer - INFO - 2023年职位要求文本总长度: 313777
2025-05-21 15:51:39,407 - bin.DataAnalyzer - INFO - 查询 2024 年数据，返回 2322 条记录
2025-05-21 15:51:39,462 - bin.DataAnalyzer - INFO - 2024年职位要求文本总长度: 827915
2025-05-21 15:51:39,566 - bin.DataAnalyzer - INFO - 查询 2025 年数据，返回 7785 条记录
2025-05-21 15:51:41,168 - bin.DataAnalyzer - INFO - 2025年职位要求文本总长度: 1908298
2025-05-21 15:51:51,473 - bin.DataAnalyzer - INFO - 词云图已保存至: result/wordcloud\2022-2025_wordcloud.png
2025-05-21 15:51:51,886 - __main__ - INFO - 数据分析完成
2025-05-21 15:51:51,888 - __main__ - INFO - 启动图形界面
2025-05-21 15:56:57,286 - __main__ - INFO - 招聘数据分析系统初始化完成
2025-05-21 15:56:57,311 - bin.DataAnalyzer - INFO - 数据分析模块初始化完成
2025-05-21 15:56:57,312 - __main__ - INFO - 使用已有数据，跳过收集步骤
2025-05-21 15:56:57,312 - __main__ - INFO - 跳过数据存储步骤
2025-05-21 15:56:57,312 - __main__ - INFO - 开始分析range(2022, 2026)年的数据
2025-05-21 15:56:57,312 - __main__ - INFO - 处理2022年数据
2025-05-21 15:56:57,336 - bin.DataAnalyzer - INFO - 查询 2022 年数据，返回 3547 条记录
2025-05-21 15:56:57,648 - bin.DataAnalyzer - INFO - 2022年职位要求文本总长度: 1680032
2025-05-21 15:57:01,832 - bin.DataAnalyzer - INFO - 词云图已保存至: result/wordcloud\2022_wordcloud.png
2025-05-21 15:57:01,903 - bin.DataAnalyzer - INFO - 热力图已保存至: result/heatmap/2022.html
2025-05-21 15:57:02,253 - __main__ - INFO - 处理2023年数据
2025-05-21 15:57:02,292 - bin.DataAnalyzer - INFO - 查询 2023 年数据，返回 4427 条记录
2025-05-21 15:57:02,293 - bin.DataAnalyzer - INFO - 2023年职位要求文本总长度: 313777
2025-05-21 15:57:03,535 - bin.DataAnalyzer - INFO - 词云图已保存至: result/wordcloud\2023_wordcloud.png
2025-05-21 15:57:03,596 - bin.DataAnalyzer - INFO - 热力图已保存至: result/heatmap/2023.html
2025-05-21 15:57:03,938 - __main__ - INFO - 处理2024年数据
2025-05-21 15:57:03,973 - bin.DataAnalyzer - INFO - 查询 2024 年数据，返回 2322 条记录
2025-05-21 15:57:04,028 - bin.DataAnalyzer - INFO - 2024年职位要求文本总长度: 827915
2025-05-21 15:57:06,508 - bin.DataAnalyzer - INFO - 词云图已保存至: result/wordcloud\2024_wordcloud.png
2025-05-21 15:57:06,570 - bin.DataAnalyzer - INFO - 热力图已保存至: result/heatmap/2024.html
2025-05-21 15:57:06,903 - __main__ - INFO - 处理2025年数据
2025-05-21 15:57:06,959 - bin.DataAnalyzer - INFO - 查询 2025 年数据，返回 7785 条记录
2025-05-21 15:57:08,599 - bin.DataAnalyzer - INFO - 2025年职位要求文本总长度: 1908298
2025-05-21 15:57:13,084 - bin.DataAnalyzer - INFO - 词云图已保存至: result/wordcloud\2025_wordcloud.png
2025-05-21 15:57:13,149 - bin.DataAnalyzer - INFO - 热力图已保存至: result/heatmap/2025.html
2025-05-21 15:57:13,609 - bin.DataAnalyzer - INFO - 查询 2022 年数据，返回 3547 条记录
2025-05-21 15:57:13,940 - bin.DataAnalyzer - INFO - 2022年职位要求文本总长度: 1680032
2025-05-21 15:57:14,004 - bin.DataAnalyzer - INFO - 查询 2023 年数据，返回 4427 条记录
2025-05-21 15:57:14,006 - bin.DataAnalyzer - INFO - 2023年职位要求文本总长度: 313777
2025-05-21 15:57:14,066 - bin.DataAnalyzer - INFO - 查询 2024 年数据，返回 2322 条记录
2025-05-21 15:57:14,118 - bin.DataAnalyzer - INFO - 2024年职位要求文本总长度: 827915
2025-05-21 15:57:14,223 - bin.DataAnalyzer - INFO - 查询 2025 年数据，返回 7785 条记录
2025-05-21 15:57:15,796 - bin.DataAnalyzer - INFO - 2025年职位要求文本总长度: 1908298
2025-05-21 15:57:25,636 - bin.DataAnalyzer - INFO - 词云图已保存至: result/wordcloud\2022-2025_wordcloud.png
2025-05-21 15:57:26,026 - __main__ - INFO - 数据分析完成
2025-05-21 15:57:26,029 - __main__ - INFO - 启动图形界面
2025-05-21 16:02:57,989 - __main__ - INFO - 招聘数据分析系统初始化完成
2025-05-21 16:02:58,015 - bin.DataAnalyzer - INFO - 数据分析模块初始化完成
2025-05-21 16:02:58,015 - __main__ - INFO - 使用已有数据，跳过收集步骤
2025-05-21 16:02:58,015 - __main__ - INFO - 跳过数据存储步骤
2025-05-21 16:02:58,015 - __main__ - INFO - 开始分析range(2022, 2026)年的数据
2025-05-21 16:02:58,015 - __main__ - INFO - 处理2022年数据
2025-05-21 16:02:58,039 - bin.DataAnalyzer - INFO - 查询 2022 年数据，返回 3547 条记录
2025-05-21 16:02:58,358 - bin.DataAnalyzer - INFO - 2022年职位要求文本总长度: 1680032
2025-05-21 16:03:02,554 - bin.DataAnalyzer - INFO - 词云图已保存至: result/wordcloud\2022_wordcloud.png
2025-05-21 16:03:02,620 - bin.DataAnalyzer - INFO - 热力图已保存至: result/heatmap/2022.html
2025-05-21 16:03:02,967 - __main__ - INFO - 处理2023年数据
2025-05-21 16:03:03,011 - bin.DataAnalyzer - INFO - 查询 2023 年数据，返回 4427 条记录
2025-05-21 16:03:03,012 - bin.DataAnalyzer - INFO - 2023年职位要求文本总长度: 313777
2025-05-21 16:03:04,284 - bin.DataAnalyzer - INFO - 词云图已保存至: result/wordcloud\2023_wordcloud.png
2025-05-21 16:03:04,329 - bin.DataAnalyzer - INFO - 热力图已保存至: result/heatmap/2023.html
2025-05-21 16:03:04,652 - __main__ - INFO - 处理2024年数据
2025-05-21 16:03:04,691 - bin.DataAnalyzer - INFO - 查询 2024 年数据，返回 2322 条记录
2025-05-21 16:03:04,743 - bin.DataAnalyzer - INFO - 2024年职位要求文本总长度: 827915
2025-05-21 16:03:07,142 - bin.DataAnalyzer - INFO - 词云图已保存至: result/wordcloud\2024_wordcloud.png
2025-05-21 16:03:07,179 - bin.DataAnalyzer - INFO - 热力图已保存至: result/heatmap/2024.html
2025-05-21 16:03:07,490 - __main__ - INFO - 处理2025年数据
2025-05-21 16:03:07,553 - bin.DataAnalyzer - INFO - 查询 2025 年数据，返回 7785 条记录
2025-05-21 16:03:09,163 - bin.DataAnalyzer - INFO - 2025年职位要求文本总长度: 1908298
2025-05-21 16:03:13,563 - bin.DataAnalyzer - INFO - 词云图已保存至: result/wordcloud\2025_wordcloud.png
2025-05-21 16:03:13,626 - bin.DataAnalyzer - INFO - 热力图已保存至: result/heatmap/2025.html
2025-05-21 16:03:14,069 - bin.DataAnalyzer - INFO - 查询 2022 年数据，返回 3547 条记录
2025-05-21 16:03:14,388 - bin.DataAnalyzer - INFO - 2022年职位要求文本总长度: 1680032
2025-05-21 16:03:14,462 - bin.DataAnalyzer - INFO - 查询 2023 年数据，返回 4427 条记录
2025-05-21 16:03:14,464 - bin.DataAnalyzer - INFO - 2023年职位要求文本总长度: 313777
2025-05-21 16:03:14,539 - bin.DataAnalyzer - INFO - 查询 2024 年数据，返回 2322 条记录
2025-05-21 16:03:14,596 - bin.DataAnalyzer - INFO - 2024年职位要求文本总长度: 827915
2025-05-21 16:03:14,696 - bin.DataAnalyzer - INFO - 查询 2025 年数据，返回 7785 条记录
2025-05-21 16:03:16,281 - bin.DataAnalyzer - INFO - 2025年职位要求文本总长度: 1908298
2025-05-21 16:03:25,732 - bin.DataAnalyzer - INFO - 词云图已保存至: result/wordcloud\2022-2025_wordcloud.png
2025-05-21 16:03:26,111 - __main__ - INFO - 数据分析完成
2025-05-21 16:03:26,114 - __main__ - INFO - 启动图形界面
2025-05-21 16:11:30,130 - __main__ - INFO - 招聘数据分析系统初始化完成
2025-05-21 16:11:30,155 - bin.DataAnalyzer - INFO - 数据分析模块初始化完成
2025-05-21 16:11:30,155 - __main__ - INFO - 使用已有数据，跳过收集步骤
2025-05-21 16:11:30,156 - __main__ - INFO - 跳过数据存储步骤
2025-05-21 16:11:30,156 - __main__ - INFO - 开始分析range(2022, 2026)年的数据
2025-05-21 16:11:30,156 - __main__ - INFO - 处理2022年数据
2025-05-21 16:11:30,181 - bin.DataAnalyzer - INFO - 查询 2022 年数据，返回 3547 条记录
2025-05-21 16:11:30,505 - bin.DataAnalyzer - INFO - 2022年职位要求文本总长度: 1680032
2025-05-21 16:11:34,724 - bin.DataAnalyzer - INFO - 词云图已保存至: result/wordcloud\2022_wordcloud.png
2025-05-21 16:11:34,798 - bin.DataAnalyzer - INFO - 热力图已保存至: result/heatmap/2022.html
2025-05-21 16:11:35,148 - __main__ - INFO - 处理2023年数据
2025-05-21 16:11:35,190 - bin.DataAnalyzer - INFO - 查询 2023 年数据，返回 4427 条记录
2025-05-21 16:11:35,191 - bin.DataAnalyzer - INFO - 2023年职位要求文本总长度: 313777
2025-05-21 16:11:36,437 - bin.DataAnalyzer - INFO - 词云图已保存至: result/wordcloud\2023_wordcloud.png
2025-05-21 16:11:36,495 - bin.DataAnalyzer - INFO - 热力图已保存至: result/heatmap/2023.html
2025-05-21 16:11:36,825 - __main__ - INFO - 处理2024年数据
2025-05-21 16:11:36,855 - bin.DataAnalyzer - INFO - 查询 2024 年数据，返回 2322 条记录
2025-05-21 16:11:36,917 - bin.DataAnalyzer - INFO - 2024年职位要求文本总长度: 827915
2025-05-21 16:11:39,256 - bin.DataAnalyzer - INFO - 词云图已保存至: result/wordcloud\2024_wordcloud.png
2025-05-21 16:11:39,308 - bin.DataAnalyzer - INFO - 热力图已保存至: result/heatmap/2024.html
2025-05-21 16:11:39,644 - __main__ - INFO - 处理2025年数据
2025-05-21 16:11:39,709 - bin.DataAnalyzer - INFO - 查询 2025 年数据，返回 7785 条记录
2025-05-21 16:11:41,323 - bin.DataAnalyzer - INFO - 2025年职位要求文本总长度: 1908298
2025-05-21 16:11:45,954 - bin.DataAnalyzer - INFO - 词云图已保存至: result/wordcloud\2025_wordcloud.png
2025-05-21 16:11:46,028 - bin.DataAnalyzer - INFO - 热力图已保存至: result/heatmap/2025.html
2025-05-21 16:11:46,535 - bin.DataAnalyzer - INFO - 查询 2022 年数据，返回 3547 条记录
2025-05-21 16:11:46,927 - bin.DataAnalyzer - INFO - 2022年职位要求文本总长度: 1680032
2025-05-21 16:11:46,966 - bin.DataAnalyzer - INFO - 查询 2023 年数据，返回 4427 条记录
2025-05-21 16:11:46,967 - bin.DataAnalyzer - INFO - 2023年职位要求文本总长度: 313777
2025-05-21 16:11:47,041 - bin.DataAnalyzer - INFO - 查询 2024 年数据，返回 2322 条记录
2025-05-21 16:11:47,097 - bin.DataAnalyzer - INFO - 2024年职位要求文本总长度: 827915
2025-05-21 16:11:47,194 - bin.DataAnalyzer - INFO - 查询 2025 年数据，返回 7785 条记录
2025-05-21 16:11:49,217 - bin.DataAnalyzer - INFO - 2025年职位要求文本总长度: 1908298
2025-05-21 16:11:59,119 - bin.DataAnalyzer - INFO - 词云图已保存至: result/wordcloud\2022-2025_wordcloud.png
2025-05-21 16:11:59,518 - __main__ - INFO - 数据分析完成
2025-05-21 16:11:59,520 - __main__ - INFO - 启动图形界面
2025-05-21 16:20:13,101 - __main__ - INFO - 招聘数据分析系统初始化完成
2025-05-21 16:20:13,134 - bin.DataAnalyzer - INFO - 数据分析模块初始化完成
2025-05-21 16:20:13,134 - __main__ - INFO - 使用已有数据，跳过收集步骤
2025-05-21 16:20:13,135 - __main__ - INFO - 跳过数据存储步骤
2025-05-21 16:20:13,135 - __main__ - INFO - 开始分析range(2022, 2026)年的数据
2025-05-21 16:20:13,135 - __main__ - INFO - 处理2022年数据
2025-05-21 16:20:13,160 - bin.DataAnalyzer - INFO - 查询 2022 年数据，返回 3547 条记录
2025-05-21 16:20:13,496 - bin.DataAnalyzer - INFO - 2022年职位要求文本总长度: 1680032
2025-05-21 16:20:20,104 - bin.DataAnalyzer - INFO - 词云图已保存至: result/wordcloud\2022_wordcloud.png
2025-05-21 16:20:20,172 - bin.DataAnalyzer - INFO - 热力图已保存至: result/heatmap/2022.html
2025-05-21 16:20:20,543 - __main__ - INFO - 处理2023年数据
2025-05-21 16:20:20,582 - bin.DataAnalyzer - INFO - 查询 2023 年数据，返回 4427 条记录
2025-05-21 16:20:20,583 - bin.DataAnalyzer - INFO - 2023年职位要求文本总长度: 313777
2025-05-21 16:20:21,895 - bin.DataAnalyzer - INFO - 词云图已保存至: result/wordcloud\2023_wordcloud.png
2025-05-21 16:20:21,938 - bin.DataAnalyzer - INFO - 热力图已保存至: result/heatmap/2023.html
2025-05-21 16:20:22,296 - __main__ - INFO - 处理2024年数据
2025-05-21 16:20:22,334 - bin.DataAnalyzer - INFO - 查询 2024 年数据，返回 2322 条记录
2025-05-21 16:20:22,387 - bin.DataAnalyzer - INFO - 2024年职位要求文本总长度: 827915
2025-05-21 16:20:25,000 - bin.DataAnalyzer - INFO - 词云图已保存至: result/wordcloud\2024_wordcloud.png
2025-05-21 16:20:25,056 - bin.DataAnalyzer - INFO - 热力图已保存至: result/heatmap/2024.html
2025-05-21 16:20:25,401 - __main__ - INFO - 处理2025年数据
2025-05-21 16:20:25,467 - bin.DataAnalyzer - INFO - 查询 2025 年数据，返回 7785 条记录
2025-05-21 16:20:27,187 - bin.DataAnalyzer - INFO - 2025年职位要求文本总长度: 1908298
2025-05-21 16:22:38,704 - __main__ - INFO - 招聘数据分析系统初始化完成
2025-05-21 16:22:38,731 - bin.DataAnalyzer - INFO - 数据分析模块初始化完成
2025-05-21 16:22:38,731 - __main__ - INFO - 使用已有数据，跳过收集步骤
2025-05-21 16:22:38,731 - __main__ - INFO - 跳过数据存储步骤
2025-05-21 16:22:38,731 - __main__ - INFO - 跳过数据分析步骤
2025-05-21 16:22:38,731 - __main__ - INFO - 启动图形界面
2025-05-21 16:22:38,774 - __main__ - ERROR - 图形界面启动失败: module 'tkinter' has no attribute 'font'
2025-05-21 16:25:28,060 - __main__ - INFO - 招聘数据分析系统初始化完成
2025-05-21 16:25:28,085 - bin.DataAnalyzer - INFO - 数据分析模块初始化完成
2025-05-21 16:25:28,085 - __main__ - INFO - 使用已有数据，跳过收集步骤
2025-05-21 16:25:28,085 - __main__ - INFO - 跳过数据存储步骤
2025-05-21 16:25:28,085 - __main__ - INFO - 跳过数据分析步骤
2025-05-21 16:25:28,085 - __main__ - INFO - 启动图形界面
2025-05-21 16:27:26,233 - __main__ - INFO - 招聘数据分析系统初始化完成
2025-05-21 16:27:26,257 - bin.DataAnalyzer - INFO - 数据分析模块初始化完成
2025-05-21 16:27:26,257 - __main__ - INFO - 使用已有数据，跳过收集步骤
2025-05-21 16:27:26,257 - __main__ - INFO - 跳过数据存储步骤
2025-05-21 16:27:26,257 - __main__ - INFO - 跳过数据分析步骤
2025-05-21 16:27:26,257 - __main__ - INFO - 启动图形界面
2025-05-21 16:36:54,228 - __main__ - INFO - 招聘数据分析系统初始化完成
2025-05-21 16:36:54,254 - bin.DataAnalyzer - INFO - 数据分析模块初始化完成
2025-05-21 16:36:54,255 - __main__ - INFO - 使用已有数据，跳过收集步骤
2025-05-21 16:36:54,255 - __main__ - INFO - 跳过数据存储步骤
2025-05-21 16:36:54,255 - __main__ - INFO - 跳过数据分析步骤
2025-05-21 16:36:54,255 - __main__ - INFO - 启动图形界面
2025-05-21 16:41:17,096 - __main__ - INFO - 招聘数据分析系统初始化完成
2025-05-21 16:41:17,121 - bin.DataAnalyzer - INFO - 数据分析模块初始化完成
2025-05-21 16:41:17,122 - __main__ - INFO - 使用已有数据，跳过收集步骤
2025-05-21 16:41:17,122 - __main__ - INFO - 跳过数据存储步骤
2025-05-21 16:41:17,122 - __main__ - INFO - 跳过数据分析步骤
2025-05-21 16:41:17,122 - __main__ - INFO - 启动图形界面
2025-05-21 16:44:36,652 - __main__ - INFO - 招聘数据分析系统初始化完成
2025-05-21 16:44:36,677 - bin.DataAnalyzer - INFO - 数据分析模块初始化完成
2025-05-21 16:44:36,677 - __main__ - INFO - 使用已有数据，跳过收集步骤
2025-05-21 16:44:36,677 - __main__ - INFO - 跳过数据存储步骤
2025-05-21 16:44:36,677 - __main__ - INFO - 跳过数据分析步骤
2025-05-21 16:44:36,677 - __main__ - INFO - 启动图形界面
2025-05-21 16:45:38,062 - __main__ - INFO - 招聘数据分析系统初始化完成
2025-05-21 16:45:38,089 - bin.DataAnalyzer - INFO - 数据分析模块初始化完成
2025-05-21 16:45:38,089 - __main__ - INFO - 使用已有数据，跳过收集步骤
2025-05-21 16:45:38,089 - __main__ - INFO - 跳过数据存储步骤
2025-05-21 16:45:38,089 - __main__ - INFO - 跳过数据分析步骤
2025-05-21 16:45:38,089 - __main__ - INFO - 启动图形界面
2025-05-21 16:45:40,612 - bin.DataAnalyzer - INFO - 数据分析模块初始化完成
2025-05-21 16:55:04,838 - __main__ - INFO - 招聘数据分析系统初始化完成
2025-05-21 16:55:04,864 - bin.DataAnalyzer - INFO - 数据分析模块初始化完成
2025-05-21 16:55:04,864 - __main__ - INFO - 使用已有数据，跳过收集步骤
2025-05-21 16:55:04,864 - __main__ - INFO - 跳过数据存储步骤
2025-05-21 16:55:04,864 - __main__ - INFO - 跳过数据分析步骤
2025-05-21 16:55:04,864 - __main__ - INFO - 启动图形界面
2025-05-21 16:59:42,950 - __main__ - INFO - 招聘数据分析系统初始化完成
2025-05-21 16:59:42,978 - bin.DataAnalyzer - INFO - 数据分析模块初始化完成
2025-05-21 16:59:42,978 - __main__ - INFO - 使用已有数据，跳过收集步骤
2025-05-21 16:59:42,978 - __main__ - INFO - 跳过数据存储步骤
2025-05-21 16:59:42,978 - __main__ - INFO - 跳过数据分析步骤
2025-05-21 16:59:42,978 - __main__ - INFO - 启动图形界面
2025-05-21 17:00:52,117 - __main__ - INFO - 招聘数据分析系统初始化完成
2025-05-21 17:00:52,142 - bin.DataAnalyzer - INFO - 数据分析模块初始化完成
2025-05-21 17:00:52,142 - __main__ - INFO - 使用已有数据，跳过收集步骤
2025-05-21 17:00:52,142 - __main__ - INFO - 跳过数据存储步骤
2025-05-21 17:00:52,142 - __main__ - INFO - 跳过数据分析步骤
2025-05-21 17:00:52,142 - __main__ - INFO - 启动图形界面
2025-05-21 17:01:20,119 - __main__ - INFO - 招聘数据分析系统初始化完成
2025-05-21 17:01:20,145 - bin.DataAnalyzer - INFO - 数据分析模块初始化完成
2025-05-21 17:01:20,146 - __main__ - INFO - 使用已有数据，跳过收集步骤
2025-05-21 17:01:20,146 - __main__ - INFO - 跳过数据存储步骤
2025-05-21 17:01:20,146 - __main__ - INFO - 跳过数据分析步骤
2025-05-21 17:01:20,146 - __main__ - INFO - 启动图形界面
2025-05-21 17:03:44,425 - __main__ - INFO - 招聘数据分析系统初始化完成
2025-05-21 17:03:44,451 - bin.DataAnalyzer - INFO - 数据分析模块初始化完成
2025-05-21 17:03:44,451 - __main__ - INFO - 使用已有数据，跳过收集步骤
2025-05-21 17:03:44,452 - __main__ - INFO - 跳过数据存储步骤
2025-05-21 17:03:44,452 - __main__ - INFO - 跳过数据分析步骤
2025-05-21 17:03:44,452 - __main__ - INFO - 启动图形界面
2025-05-21 17:05:16,583 - __main__ - INFO - 招聘数据分析系统初始化完成
2025-05-21 17:05:16,609 - bin.DataAnalyzer - INFO - 数据分析模块初始化完成
2025-05-21 17:05:16,609 - __main__ - INFO - 使用已有数据，跳过收集步骤
2025-05-21 17:05:16,609 - __main__ - INFO - 跳过数据存储步骤
2025-05-21 17:05:16,609 - __main__ - INFO - 跳过数据分析步骤
2025-05-21 17:05:16,609 - __main__ - INFO - 启动图形界面
2025-05-21 17:12:10,418 - __main__ - INFO - 招聘数据分析系统初始化完成
2025-05-21 17:12:10,443 - bin.DataAnalyzer - INFO - 数据分析模块初始化完成
2025-05-21 17:12:10,443 - __main__ - INFO - 使用已有数据，跳过收集步骤
2025-05-21 17:12:10,443 - __main__ - INFO - 跳过数据存储步骤
2025-05-21 17:12:10,443 - __main__ - INFO - 跳过数据分析步骤
2025-05-21 17:12:10,443 - __main__ - INFO - 启动图形界面
2025-05-21 17:12:23,495 - __main__ - INFO - 招聘数据分析系统初始化完成
2025-05-21 17:12:23,520 - bin.DataAnalyzer - INFO - 数据分析模块初始化完成
2025-05-21 17:12:23,520 - __main__ - INFO - 使用已有数据，跳过收集步骤
2025-05-21 17:12:23,520 - __main__ - INFO - 跳过数据存储步骤
2025-05-21 17:12:23,520 - __main__ - INFO - 跳过数据分析步骤
2025-05-21 17:12:23,520 - __main__ - INFO - 启动图形界面
2025-05-21 17:12:45,045 - __main__ - INFO - 招聘数据分析系统初始化完成
2025-05-21 17:12:45,069 - bin.DataAnalyzer - INFO - 数据分析模块初始化完成
2025-05-21 17:12:45,069 - __main__ - INFO - 使用已有数据，跳过收集步骤
2025-05-21 17:12:45,069 - __main__ - INFO - 跳过数据存储步骤
2025-05-21 17:12:45,069 - __main__ - INFO - 跳过数据分析步骤
2025-05-21 17:12:45,069 - __main__ - INFO - 启动图形界面
2025-05-21 17:13:49,604 - __main__ - INFO - 招聘数据分析系统初始化完成
2025-05-21 17:13:49,629 - bin.DataAnalyzer - INFO - 数据分析模块初始化完成
2025-05-21 17:13:49,629 - __main__ - INFO - 使用已有数据，跳过收集步骤
2025-05-21 17:13:49,629 - __main__ - INFO - 跳过数据存储步骤
2025-05-21 17:13:49,629 - __main__ - INFO - 跳过数据分析步骤
2025-05-21 17:13:49,629 - __main__ - INFO - 启动图形界面
2025-05-21 17:14:00,462 - __main__ - INFO - 招聘数据分析系统初始化完成
2025-05-21 17:14:00,487 - bin.DataAnalyzer - INFO - 数据分析模块初始化完成
2025-05-21 17:14:00,487 - __main__ - INFO - 使用已有数据，跳过收集步骤
2025-05-21 17:14:00,487 - __main__ - INFO - 跳过数据存储步骤
2025-05-21 17:14:00,487 - __main__ - INFO - 跳过数据分析步骤
2025-05-21 17:14:00,487 - __main__ - INFO - 启动图形界面
2025-05-21 17:16:46,508 - __main__ - INFO - 招聘数据分析系统初始化完成
2025-05-21 17:16:46,533 - bin.DataAnalyzer - INFO - 数据分析模块初始化完成
2025-05-21 17:16:46,534 - __main__ - INFO - 使用已有数据，跳过收集步骤
2025-05-21 17:16:46,534 - __main__ - INFO - 跳过数据存储步骤
2025-05-21 17:16:46,534 - __main__ - INFO - 跳过数据分析步骤
2025-05-21 17:16:46,534 - __main__ - INFO - 启动图形界面
2025-05-21 17:19:22,978 - __main__ - INFO - 招聘数据分析系统初始化完成
2025-05-21 17:19:23,004 - bin.DataAnalyzer - INFO - 数据分析模块初始化完成
2025-05-21 17:19:23,004 - __main__ - INFO - 使用已有数据，跳过收集步骤
2025-05-21 17:19:23,004 - __main__ - INFO - 跳过数据存储步骤
2025-05-21 17:19:23,004 - __main__ - INFO - 跳过数据分析步骤
2025-05-21 17:19:23,004 - __main__ - INFO - 启动图形界面
2025-05-21 17:20:43,380 - __main__ - INFO - 招聘数据分析系统初始化完成
2025-05-21 17:20:43,407 - bin.DataAnalyzer - INFO - 数据分析模块初始化完成
2025-05-21 17:20:43,407 - __main__ - INFO - 使用已有数据，跳过收集步骤
2025-05-21 17:20:43,407 - __main__ - INFO - 跳过数据存储步骤
2025-05-21 17:20:43,407 - __main__ - INFO - 跳过数据分析步骤
2025-05-21 17:20:43,407 - __main__ - INFO - 启动图形界面
2025-05-21 17:21:09,230 - __main__ - INFO - 招聘数据分析系统初始化完成
2025-05-21 17:21:09,256 - bin.DataAnalyzer - INFO - 数据分析模块初始化完成
2025-05-21 17:21:09,257 - __main__ - INFO - 使用已有数据，跳过收集步骤
2025-05-21 17:21:09,257 - __main__ - INFO - 跳过数据存储步骤
2025-05-21 17:21:09,257 - __main__ - INFO - 跳过数据分析步骤
2025-05-21 17:21:09,257 - __main__ - INFO - 启动图形界面
2025-05-21 17:22:52,874 - __main__ - INFO - 招聘数据分析系统初始化完成
2025-05-21 17:22:52,899 - bin.DataAnalyzer - INFO - 数据分析模块初始化完成
2025-05-21 17:22:52,899 - __main__ - INFO - 使用已有数据，跳过收集步骤
2025-05-21 17:22:52,899 - __main__ - INFO - 跳过数据存储步骤
2025-05-21 17:22:52,899 - __main__ - INFO - 跳过数据分析步骤
2025-05-21 17:22:52,900 - __main__ - INFO - 启动图形界面
2025-05-21 17:26:11,119 - __main__ - INFO - 招聘数据分析系统初始化完成
2025-05-21 17:26:11,143 - bin.DataAnalyzer - INFO - 数据分析模块初始化完成
2025-05-21 17:26:11,144 - __main__ - INFO - 使用已有数据，跳过收集步骤
2025-05-21 17:26:11,144 - __main__ - INFO - 跳过数据存储步骤
2025-05-21 17:26:11,144 - __main__ - INFO - 跳过数据分析步骤
2025-05-21 17:26:11,144 - __main__ - INFO - 启动图形界面
2025-05-21 17:26:23,811 - __main__ - INFO - 招聘数据分析系统初始化完成
2025-05-21 17:26:23,837 - bin.DataAnalyzer - INFO - 数据分析模块初始化完成
2025-05-21 17:26:23,837 - __main__ - INFO - 使用已有数据，跳过收集步骤
2025-05-21 17:26:23,837 - __main__ - INFO - 跳过数据存储步骤
2025-05-21 17:26:23,837 - __main__ - INFO - 跳过数据分析步骤
2025-05-21 17:26:23,837 - __main__ - INFO - 启动图形界面
2025-05-21 17:27:56,883 - __main__ - INFO - 招聘数据分析系统初始化完成
2025-05-21 17:27:56,908 - bin.DataAnalyzer - INFO - 数据分析模块初始化完成
2025-05-21 17:27:56,908 - __main__ - INFO - 使用已有数据，跳过收集步骤
2025-05-21 17:27:56,908 - __main__ - INFO - 跳过数据存储步骤
2025-05-21 17:27:56,908 - __main__ - INFO - 跳过数据分析步骤
2025-05-21 17:27:56,908 - __main__ - INFO - 启动图形界面
2025-05-21 17:30:04,253 - __main__ - INFO - 招聘数据分析系统初始化完成
2025-05-21 17:30:04,279 - bin.DataAnalyzer - INFO - 数据分析模块初始化完成
2025-05-21 17:30:04,279 - __main__ - INFO - 使用已有数据，跳过收集步骤
2025-05-21 17:30:04,279 - __main__ - INFO - 跳过数据存储步骤
2025-05-21 17:30:04,279 - __main__ - INFO - 跳过数据分析步骤
2025-05-21 17:30:04,279 - __main__ - INFO - 启动图形界面
2025-05-21 17:32:49,020 - __main__ - INFO - 招聘数据分析系统初始化完成
2025-05-21 17:32:49,046 - bin.DataAnalyzer - INFO - 数据分析模块初始化完成
2025-05-21 17:32:49,046 - __main__ - INFO - 使用已有数据，跳过收集步骤
2025-05-21 17:32:49,046 - __main__ - INFO - 跳过数据存储步骤
2025-05-21 17:32:49,046 - __main__ - INFO - 跳过数据分析步骤
2025-05-21 17:32:49,046 - __main__ - INFO - 启动图形界面
2025-05-21 17:33:50,221 - __main__ - INFO - 招聘数据分析系统初始化完成
2025-05-21 17:33:50,262 - bin.DataAnalyzer - INFO - 数据分析模块初始化完成
2025-05-21 17:33:50,263 - __main__ - INFO - 使用已有数据，跳过收集步骤
2025-05-21 17:33:50,263 - __main__ - INFO - 跳过数据存储步骤
2025-05-21 17:33:50,263 - __main__ - INFO - 跳过数据分析步骤
2025-05-21 17:33:50,263 - __main__ - INFO - 启动图形界面
2025-05-21 17:36:13,866 - __main__ - INFO - 招聘数据分析系统初始化完成
2025-05-21 17:36:13,890 - bin.DataAnalyzer - INFO - 数据分析模块初始化完成
2025-05-21 17:36:13,890 - __main__ - INFO - 使用已有数据，跳过收集步骤
2025-05-21 17:36:13,891 - __main__ - INFO - 跳过数据存储步骤
2025-05-21 17:36:13,891 - __main__ - INFO - 跳过数据分析步骤
2025-05-21 17:36:13,891 - __main__ - INFO - 启动图形界面
2025-05-21 17:36:44,059 - __main__ - INFO - 招聘数据分析系统初始化完成
2025-05-21 17:36:44,085 - bin.DataAnalyzer - INFO - 数据分析模块初始化完成
2025-05-21 17:36:44,085 - __main__ - INFO - 使用已有数据，跳过收集步骤
2025-05-21 17:36:44,085 - __main__ - INFO - 跳过数据存储步骤
2025-05-21 17:36:44,085 - __main__ - INFO - 跳过数据分析步骤
2025-05-21 17:36:44,085 - __main__ - INFO - 启动图形界面
2025-05-21 17:39:11,298 - __main__ - INFO - 招聘数据分析系统初始化完成
2025-05-21 17:39:11,324 - bin.DataAnalyzer - INFO - 数据分析模块初始化完成
2025-05-21 17:39:11,324 - __main__ - INFO - 使用已有数据，跳过收集步骤
2025-05-21 17:39:11,324 - __main__ - INFO - 跳过数据存储步骤
2025-05-21 17:39:11,324 - __main__ - INFO - 跳过数据分析步骤
2025-05-21 17:39:11,324 - __main__ - INFO - 启动图形界面
2025-05-21 17:40:52,588 - __main__ - INFO - 招聘数据分析系统初始化完成
2025-05-21 17:40:52,614 - bin.DataAnalyzer - INFO - 数据分析模块初始化完成
2025-05-21 17:40:52,614 - __main__ - INFO - 使用已有数据，跳过收集步骤
2025-05-21 17:40:52,615 - __main__ - INFO - 跳过数据存储步骤
2025-05-21 17:40:52,615 - __main__ - INFO - 跳过数据分析步骤
2025-05-21 17:40:52,615 - __main__ - INFO - 启动图形界面
2025-05-21 17:41:07,090 - __main__ - INFO - 招聘数据分析系统初始化完成
2025-05-21 17:41:07,118 - bin.DataAnalyzer - INFO - 数据分析模块初始化完成
2025-05-21 17:41:07,118 - __main__ - INFO - 使用已有数据，跳过收集步骤
2025-05-21 17:41:07,118 - __main__ - INFO - 跳过数据存储步骤
2025-05-21 17:41:07,118 - __main__ - INFO - 跳过数据分析步骤
2025-05-21 17:41:07,118 - __main__ - INFO - 启动图形界面
2025-05-21 17:41:20,746 - __main__ - INFO - 招聘数据分析系统初始化完成
2025-05-21 17:41:20,773 - bin.DataAnalyzer - INFO - 数据分析模块初始化完成
2025-05-21 17:41:20,773 - __main__ - INFO - 使用已有数据，跳过收集步骤
2025-05-21 17:41:20,773 - __main__ - INFO - 跳过数据存储步骤
2025-05-21 17:41:20,773 - __main__ - INFO - 跳过数据分析步骤
2025-05-21 17:41:20,773 - __main__ - INFO - 启动图形界面
2025-05-21 17:42:05,518 - __main__ - INFO - 招聘数据分析系统初始化完成
2025-05-21 17:42:05,544 - bin.DataAnalyzer - INFO - 数据分析模块初始化完成
2025-05-21 17:42:05,544 - __main__ - INFO - 使用已有数据，跳过收集步骤
2025-05-21 17:42:05,544 - __main__ - INFO - 跳过数据存储步骤
2025-05-21 17:42:05,544 - __main__ - INFO - 跳过数据分析步骤
2025-05-21 17:42:05,544 - __main__ - INFO - 启动图形界面
2025-05-21 17:49:04,434 - __main__ - INFO - 招聘数据分析系统初始化完成
2025-05-21 17:49:04,461 - bin.DataAnalyzer - INFO - 数据分析模块初始化完成
2025-05-21 17:49:04,461 - __main__ - INFO - 使用已有数据，跳过收集步骤
2025-05-21 17:49:04,461 - __main__ - INFO - 跳过数据存储步骤
2025-05-21 17:49:04,461 - __main__ - INFO - 跳过数据分析步骤
2025-05-21 17:49:04,461 - __main__ - INFO - 启动图形界面
2025-05-21 17:50:35,528 - __main__ - INFO - 招聘数据分析系统初始化完成
2025-05-21 17:50:35,555 - bin.DataAnalyzer - INFO - 数据分析模块初始化完成
2025-05-21 17:50:35,555 - __main__ - INFO - 使用已有数据，跳过收集步骤
2025-05-21 17:50:35,555 - __main__ - INFO - 跳过数据存储步骤
2025-05-21 17:50:35,555 - __main__ - INFO - 跳过数据分析步骤
2025-05-21 17:50:35,555 - __main__ - INFO - 启动图形界面
2025-05-21 17:52:44,801 - __main__ - INFO - 招聘数据分析系统初始化完成
2025-05-21 17:52:44,826 - bin.DataAnalyzer - INFO - 数据分析模块初始化完成
2025-05-21 17:52:44,826 - __main__ - INFO - 使用已有数据，跳过收集步骤
2025-05-21 17:52:44,826 - __main__ - INFO - 跳过数据存储步骤
2025-05-21 17:52:44,826 - __main__ - INFO - 跳过数据分析步骤
2025-05-21 17:52:44,826 - __main__ - INFO - 启动图形界面
2025-05-21 17:57:27,888 - __main__ - INFO - 招聘数据分析系统初始化完成
2025-05-21 17:57:27,914 - bin.DataAnalyzer - INFO - 数据分析模块初始化完成
2025-05-21 17:57:27,914 - __main__ - INFO - 使用已有数据，跳过收集步骤
2025-05-21 17:57:27,914 - __main__ - INFO - 跳过数据存储步骤
2025-05-21 17:57:27,914 - __main__ - INFO - 跳过数据分析步骤
2025-05-21 17:57:27,914 - __main__ - INFO - 启动图形界面
2025-05-21 17:57:50,636 - __main__ - INFO - 招聘数据分析系统初始化完成
2025-05-21 17:57:50,660 - bin.DataAnalyzer - INFO - 数据分析模块初始化完成
2025-05-21 17:57:50,660 - __main__ - INFO - 使用已有数据，跳过收集步骤
2025-05-21 17:57:50,660 - __main__ - INFO - 跳过数据存储步骤
2025-05-21 17:57:50,660 - __main__ - INFO - 开始分析range(2022, 2026)年的数据
2025-05-21 17:57:50,660 - __main__ - INFO - 处理2022年数据
2025-05-21 17:57:50,684 - bin.DataAnalyzer - INFO - 查询 2022 年数据，返回 3547 条记录
2025-05-21 17:57:51,006 - bin.DataAnalyzer - INFO - 2022年职位要求文本总长度: 1680032
2025-05-21 17:57:55,217 - bin.DataAnalyzer - INFO - 词云图已保存至: result/wordcloud\2022_wordcloud.png
2025-05-21 17:57:55,357 - bin.DataAnalyzer - INFO - 热力图已保存至: result/heatmap/2022.html
2025-05-21 17:57:55,731 - __main__ - INFO - 处理2023年数据
2025-05-21 17:57:55,763 - bin.DataAnalyzer - INFO - 查询 2023 年数据，返回 4427 条记录
2025-05-21 17:57:55,764 - bin.DataAnalyzer - INFO - 2023年职位要求文本总长度: 313777
2025-05-21 17:57:57,009 - bin.DataAnalyzer - INFO - 词云图已保存至: result/wordcloud\2023_wordcloud.png
2025-05-21 17:57:57,048 - bin.DataAnalyzer - INFO - 热力图已保存至: result/heatmap/2023.html
2025-05-21 17:57:57,395 - __main__ - INFO - 处理2024年数据
2025-05-21 17:57:57,434 - bin.DataAnalyzer - INFO - 查询 2024 年数据，返回 2322 条记录
2025-05-21 17:57:57,496 - bin.DataAnalyzer - INFO - 2024年职位要求文本总长度: 827915
2025-05-21 17:57:59,863 - bin.DataAnalyzer - INFO - 词云图已保存至: result/wordcloud\2024_wordcloud.png
2025-05-21 17:57:59,921 - bin.DataAnalyzer - INFO - 热力图已保存至: result/heatmap/2024.html
2025-05-21 17:58:00,243 - __main__ - INFO - 处理2025年数据
2025-05-21 17:58:00,288 - bin.DataAnalyzer - INFO - 查询 2025 年数据，返回 7785 条记录
2025-05-21 17:58:01,875 - bin.DataAnalyzer - INFO - 2025年职位要求文本总长度: 1908298
2025-05-21 17:58:06,345 - bin.DataAnalyzer - INFO - 词云图已保存至: result/wordcloud\2025_wordcloud.png
2025-05-21 17:58:06,413 - bin.DataAnalyzer - INFO - 热力图已保存至: result/heatmap/2025.html
2025-05-21 17:58:06,873 - bin.DataAnalyzer - INFO - 查询 2022 年数据，返回 3547 条记录
2025-05-21 17:58:07,190 - bin.DataAnalyzer - INFO - 2022年职位要求文本总长度: 1680032
2025-05-21 17:58:07,253 - bin.DataAnalyzer - INFO - 查询 2023 年数据，返回 4427 条记录
2025-05-21 17:58:07,255 - bin.DataAnalyzer - INFO - 2023年职位要求文本总长度: 313777
2025-05-21 17:58:07,330 - bin.DataAnalyzer - INFO - 查询 2024 年数据，返回 2322 条记录
2025-05-21 17:58:07,384 - bin.DataAnalyzer - INFO - 2024年职位要求文本总长度: 827915
2025-05-21 17:58:07,489 - bin.DataAnalyzer - INFO - 查询 2025 年数据，返回 7785 条记录
2025-05-21 17:58:09,058 - bin.DataAnalyzer - INFO - 2025年职位要求文本总长度: 1908298
2025-05-21 17:58:18,775 - bin.DataAnalyzer - INFO - 词云图已保存至: result/wordcloud\2022-2025_wordcloud.png
2025-05-21 17:58:19,167 - __main__ - INFO - 数据分析完成
2025-05-21 17:58:19,170 - __main__ - INFO - 启动图形界面
2025-05-21 18:03:24,163 - __main__ - INFO - 招聘数据分析系统初始化完成
2025-05-21 18:03:24,189 - bin.DataAnalyzer - INFO - 数据分析模块初始化完成
2025-05-21 18:03:24,189 - __main__ - INFO - 使用已有数据，跳过收集步骤
2025-05-21 18:03:24,189 - __main__ - INFO - 跳过数据存储步骤
2025-05-21 18:03:24,190 - __main__ - INFO - 开始分析range(2022, 2026)年的数据
2025-05-21 18:03:24,190 - __main__ - INFO - 处理2022年数据
2025-05-21 18:03:24,246 - bin.DataAnalyzer - INFO - 查询 2022 年数据，返回 3547 条记录
2025-05-21 18:03:24,580 - bin.DataAnalyzer - INFO - 2022年职位要求文本总长度: 1680032
2025-05-21 18:03:28,880 - bin.DataAnalyzer - INFO - 词云图已保存至: result/wordcloud\2022_wordcloud.png
2025-05-21 18:03:29,004 - bin.DataAnalyzer - INFO - 热力图已保存至: result/heatmap/2022.html
2025-05-21 18:03:29,364 - __main__ - INFO - 处理2023年数据
2025-05-21 18:03:29,399 - bin.DataAnalyzer - INFO - 查询 2023 年数据，返回 4427 条记录
2025-05-21 18:03:29,401 - bin.DataAnalyzer - INFO - 2023年职位要求文本总长度: 313777
2025-05-21 18:03:30,629 - bin.DataAnalyzer - INFO - 词云图已保存至: result/wordcloud\2023_wordcloud.png
2025-05-21 18:03:30,677 - bin.DataAnalyzer - INFO - 热力图已保存至: result/heatmap/2023.html
2025-05-21 18:03:31,013 - __main__ - INFO - 处理2024年数据
2025-05-21 18:03:31,056 - bin.DataAnalyzer - INFO - 查询 2024 年数据，返回 2322 条记录
2025-05-21 18:03:31,113 - bin.DataAnalyzer - INFO - 2024年职位要求文本总长度: 827915
2025-05-21 18:03:33,489 - bin.DataAnalyzer - INFO - 词云图已保存至: result/wordcloud\2024_wordcloud.png
2025-05-21 18:03:33,544 - bin.DataAnalyzer - INFO - 热力图已保存至: result/heatmap/2024.html
2025-05-21 18:03:33,885 - __main__ - INFO - 处理2025年数据
2025-05-21 18:03:33,934 - bin.DataAnalyzer - INFO - 查询 2025 年数据，返回 7785 条记录
2025-05-21 18:03:35,632 - bin.DataAnalyzer - INFO - 2025年职位要求文本总长度: 1908298
2025-05-21 18:09:04,663 - __main__ - INFO - 招聘数据分析系统初始化完成
2025-05-21 18:09:04,689 - bin.DataAnalyzer - INFO - 数据分析模块初始化完成
2025-05-21 18:09:04,689 - __main__ - INFO - 使用已有数据，跳过收集步骤
2025-05-21 18:09:04,689 - __main__ - INFO - 跳过数据存储步骤
2025-05-21 18:09:04,689 - __main__ - INFO - 开始分析range(2022, 2026)年的数据
2025-05-21 18:09:04,689 - __main__ - INFO - 处理2022年数据
2025-05-21 18:09:04,714 - bin.DataAnalyzer - INFO - 查询 2022 年数据，返回 3547 条记录
2025-05-21 18:09:05,058 - bin.DataAnalyzer - INFO - 2022年职位要求文本总长度: 1680032
2025-05-21 18:09:09,330 - bin.DataAnalyzer - INFO - 词云图已保存至: result/wordcloud\2022_wordcloud.png
2025-05-21 18:09:09,410 - bin.DataAnalyzer - INFO - 热力图已保存至: result/heatmap/2022.html
2025-05-21 18:09:09,761 - __main__ - INFO - 处理2023年数据
2025-05-21 18:09:09,802 - bin.DataAnalyzer - INFO - 查询 2023 年数据，返回 4427 条记录
2025-05-21 18:09:09,804 - bin.DataAnalyzer - INFO - 2023年职位要求文本总长度: 313777
2025-05-21 18:09:11,076 - bin.DataAnalyzer - INFO - 词云图已保存至: result/wordcloud\2023_wordcloud.png
2025-05-21 18:09:11,125 - bin.DataAnalyzer - INFO - 热力图已保存至: result/heatmap/2023.html
2025-05-21 18:09:11,461 - __main__ - INFO - 处理2024年数据
2025-05-21 18:09:11,502 - bin.DataAnalyzer - INFO - 查询 2024 年数据，返回 2322 条记录
2025-05-21 18:09:11,559 - bin.DataAnalyzer - INFO - 2024年职位要求文本总长度: 827915
2025-05-21 18:09:13,944 - bin.DataAnalyzer - INFO - 词云图已保存至: result/wordcloud\2024_wordcloud.png
2025-05-21 18:09:13,992 - bin.DataAnalyzer - INFO - 热力图已保存至: result/heatmap/2024.html
2025-05-21 18:09:14,312 - __main__ - INFO - 处理2025年数据
2025-05-21 18:09:14,381 - bin.DataAnalyzer - INFO - 查询 2025 年数据，返回 7785 条记录
2025-05-21 18:09:15,975 - bin.DataAnalyzer - INFO - 2025年职位要求文本总长度: 1908298
2025-05-21 18:09:20,410 - bin.DataAnalyzer - INFO - 词云图已保存至: result/wordcloud\2025_wordcloud.png
2025-05-21 18:09:20,482 - bin.DataAnalyzer - INFO - 热力图已保存至: result/heatmap/2025.html
2025-05-21 18:09:20,929 - bin.DataAnalyzer - INFO - 查询 2022 年数据，返回 3547 条记录
2025-05-21 18:09:21,252 - bin.DataAnalyzer - INFO - 2022年职位要求文本总长度: 1680032
2025-05-21 18:09:21,283 - __main__ - ERROR - 获取2022年数据失败: 'RecruitmentAnalysis' object has no attribute 'get_data_from_db'
2025-05-21 18:09:21,321 - bin.DataAnalyzer - INFO - 查询 2023 年数据，返回 4427 条记录
2025-05-21 18:09:21,323 - bin.DataAnalyzer - INFO - 2023年职位要求文本总长度: 313777
2025-05-21 18:09:21,368 - __main__ - ERROR - 获取2023年数据失败: 'RecruitmentAnalysis' object has no attribute 'get_data_from_db'
2025-05-21 18:09:21,401 - bin.DataAnalyzer - INFO - 查询 2024 年数据，返回 2322 条记录
2025-05-21 18:09:21,462 - bin.DataAnalyzer - INFO - 2024年职位要求文本总长度: 827915
2025-05-21 18:09:21,489 - __main__ - ERROR - 获取2024年数据失败: 'RecruitmentAnalysis' object has no attribute 'get_data_from_db'
2025-05-21 18:09:21,560 - bin.DataAnalyzer - INFO - 查询 2025 年数据，返回 7785 条记录
2025-05-21 18:09:23,263 - bin.DataAnalyzer - INFO - 2025年职位要求文本总长度: 1908298
2025-05-21 18:09:23,323 - __main__ - ERROR - 获取2025年数据失败: 'RecruitmentAnalysis' object has no attribute 'get_data_from_db'
2025-05-21 18:09:33,042 - bin.DataAnalyzer - INFO - 词云图已保存至: result/wordcloud\2022-2025_wordcloud.png
2025-05-21 18:09:33,424 - __main__ - INFO - 数据分析完成
2025-05-21 18:09:33,427 - __main__ - INFO - 启动图形界面
2025-05-21 18:11:20,296 - __main__ - INFO - 招聘数据分析系统初始化完成
2025-05-21 18:11:20,322 - bin.DataAnalyzer - INFO - 数据分析模块初始化完成
2025-05-21 18:11:20,322 - __main__ - INFO - 使用已有数据，跳过收集步骤
2025-05-21 18:11:20,322 - __main__ - INFO - 跳过数据存储步骤
2025-05-21 18:11:20,322 - __main__ - INFO - 开始分析range(2022, 2026)年的数据
2025-05-21 18:11:20,322 - __main__ - INFO - 处理2022年数据
2025-05-21 18:11:20,348 - bin.DataAnalyzer - INFO - 查询 2022 年数据，返回 3547 条记录
2025-05-21 18:11:20,680 - bin.DataAnalyzer - INFO - 2022年职位要求文本总长度: 1680032
2025-05-21 18:11:25,070 - bin.DataAnalyzer - INFO - 词云图已保存至: result/wordcloud\2022_wordcloud.png
2025-05-21 18:11:25,136 - bin.DataAnalyzer - INFO - 热力图已保存至: result/heatmap/2022.html
2025-05-21 18:11:25,496 - __main__ - INFO - 处理2023年数据
2025-05-21 18:11:25,530 - bin.DataAnalyzer - INFO - 查询 2023 年数据，返回 4427 条记录
2025-05-21 18:11:25,532 - bin.DataAnalyzer - INFO - 2023年职位要求文本总长度: 313777
2025-05-21 18:11:26,790 - bin.DataAnalyzer - INFO - 词云图已保存至: result/wordcloud\2023_wordcloud.png
2025-05-21 18:11:26,838 - bin.DataAnalyzer - INFO - 热力图已保存至: result/heatmap/2023.html
2025-05-21 18:11:27,169 - __main__ - INFO - 处理2024年数据
2025-05-21 18:11:27,202 - bin.DataAnalyzer - INFO - 查询 2024 年数据，返回 2322 条记录
2025-05-21 18:11:27,256 - bin.DataAnalyzer - INFO - 2024年职位要求文本总长度: 827915
2025-05-21 18:11:29,626 - bin.DataAnalyzer - INFO - 词云图已保存至: result/wordcloud\2024_wordcloud.png
2025-05-21 18:11:29,676 - bin.DataAnalyzer - INFO - 热力图已保存至: result/heatmap/2024.html
2025-05-21 18:11:29,997 - __main__ - INFO - 处理2025年数据
2025-05-21 18:11:30,061 - bin.DataAnalyzer - INFO - 查询 2025 年数据，返回 7785 条记录
2025-05-21 18:11:31,674 - bin.DataAnalyzer - INFO - 2025年职位要求文本总长度: 1908298
2025-05-21 18:11:36,256 - bin.DataAnalyzer - INFO - 词云图已保存至: result/wordcloud\2025_wordcloud.png
2025-05-21 18:11:36,332 - bin.DataAnalyzer - INFO - 热力图已保存至: result/heatmap/2025.html
2025-05-21 18:11:36,774 - bin.DataAnalyzer - INFO - 查询 2022 年数据，返回 3547 条记录
2025-05-21 18:11:37,105 - bin.DataAnalyzer - INFO - 2022年职位要求文本总长度: 1680032
2025-05-21 18:11:37,165 - __main__ - ERROR - 获取2022年数据失败: 'RecruitmentAnalysis' object has no attribute 'process_data'
2025-05-21 18:11:37,198 - bin.DataAnalyzer - INFO - 查询 2023 年数据，返回 4427 条记录
2025-05-21 18:11:37,200 - bin.DataAnalyzer - INFO - 2023年职位要求文本总长度: 313777
2025-05-21 18:11:37,277 - __main__ - ERROR - 获取2023年数据失败: 'RecruitmentAnalysis' object has no attribute 'process_data'
2025-05-21 18:11:37,308 - bin.DataAnalyzer - INFO - 查询 2024 年数据，返回 2322 条记录
2025-05-21 18:11:37,367 - bin.DataAnalyzer - INFO - 2024年职位要求文本总长度: 827915
2025-05-21 18:11:37,414 - __main__ - ERROR - 获取2024年数据失败: 'RecruitmentAnalysis' object has no attribute 'process_data'
2025-05-21 18:11:37,476 - bin.DataAnalyzer - INFO - 查询 2025 年数据，返回 7785 条记录
2025-05-21 18:11:39,464 - bin.DataAnalyzer - INFO - 2025年职位要求文本总长度: 1908298
2025-05-21 18:11:39,554 - __main__ - ERROR - 获取2025年数据失败: 'RecruitmentAnalysis' object has no attribute 'process_data'
2025-05-21 18:11:49,588 - bin.DataAnalyzer - INFO - 词云图已保存至: result/wordcloud\2022-2025_wordcloud.png
2025-05-21 18:11:49,991 - __main__ - INFO - 数据分析完成
2025-05-21 18:11:49,994 - __main__ - INFO - 启动图形界面
2025-05-21 18:12:06,523 - __main__ - INFO - 招聘数据分析系统初始化完成
2025-05-21 18:12:06,548 - bin.DataAnalyzer - INFO - 数据分析模块初始化完成
2025-05-21 18:12:06,548 - __main__ - INFO - 使用已有数据，跳过收集步骤
2025-05-21 18:12:06,548 - __main__ - INFO - 跳过数据存储步骤
2025-05-21 18:12:06,548 - __main__ - INFO - 开始分析range(2022, 2026)年的数据
2025-05-21 18:12:06,548 - __main__ - INFO - 处理2022年数据
2025-05-21 18:12:06,573 - bin.DataAnalyzer - INFO - 查询 2022 年数据，返回 3547 条记录
2025-05-21 18:12:06,887 - bin.DataAnalyzer - INFO - 2022年职位要求文本总长度: 1680032
2025-05-21 18:12:11,049 - bin.DataAnalyzer - INFO - 词云图已保存至: result/wordcloud\2022_wordcloud.png
2025-05-21 18:12:11,123 - bin.DataAnalyzer - INFO - 热力图已保存至: result/heatmap/2022.html
2025-05-21 18:12:11,471 - __main__ - INFO - 处理2023年数据
2025-05-21 18:12:11,511 - bin.DataAnalyzer - INFO - 查询 2023 年数据，返回 4427 条记录
2025-05-21 18:12:11,513 - bin.DataAnalyzer - INFO - 2023年职位要求文本总长度: 313777
2025-05-21 18:12:12,731 - bin.DataAnalyzer - INFO - 词云图已保存至: result/wordcloud\2023_wordcloud.png
2025-05-21 18:12:12,789 - bin.DataAnalyzer - INFO - 热力图已保存至: result/heatmap/2023.html
2025-05-21 18:12:13,127 - __main__ - INFO - 处理2024年数据
2025-05-21 18:12:13,168 - bin.DataAnalyzer - INFO - 查询 2024 年数据，返回 2322 条记录
2025-05-21 18:12:13,234 - bin.DataAnalyzer - INFO - 2024年职位要求文本总长度: 827915
2025-05-21 18:12:15,561 - bin.DataAnalyzer - INFO - 词云图已保存至: result/wordcloud\2024_wordcloud.png
2025-05-21 18:12:15,609 - bin.DataAnalyzer - INFO - 热力图已保存至: result/heatmap/2024.html
2025-05-21 18:12:15,920 - __main__ - INFO - 处理2025年数据
2025-05-21 18:12:15,983 - bin.DataAnalyzer - INFO - 查询 2025 年数据，返回 7785 条记录
2025-05-21 18:12:17,574 - bin.DataAnalyzer - INFO - 2025年职位要求文本总长度: 1908298
2025-05-21 18:12:21,965 - bin.DataAnalyzer - INFO - 词云图已保存至: result/wordcloud\2025_wordcloud.png
2025-05-21 18:12:22,035 - bin.DataAnalyzer - INFO - 热力图已保存至: result/heatmap/2025.html
2025-05-21 18:12:22,494 - bin.DataAnalyzer - INFO - 查询 2022 年数据，返回 3547 条记录
2025-05-21 18:12:22,801 - bin.DataAnalyzer - INFO - 2022年职位要求文本总长度: 1680032
2025-05-21 18:12:22,905 - bin.DataAnalyzer - INFO - 查询 2023 年数据，返回 4427 条记录
2025-05-21 18:12:22,907 - bin.DataAnalyzer - INFO - 2023年职位要求文本总长度: 313777
2025-05-21 18:12:23,012 - bin.DataAnalyzer - INFO - 查询 2024 年数据，返回 2322 条记录
2025-05-21 18:12:23,077 - bin.DataAnalyzer - INFO - 2024年职位要求文本总长度: 827915
2025-05-21 18:12:23,213 - bin.DataAnalyzer - INFO - 查询 2025 年数据，返回 7785 条记录
2025-05-21 18:12:24,820 - bin.DataAnalyzer - INFO - 2025年职位要求文本总长度: 1908298
2025-05-21 18:12:34,485 - bin.DataAnalyzer - INFO - 词云图已保存至: result/wordcloud\2022-2025_wordcloud.png
2025-05-21 18:12:34,870 - __main__ - ERROR - 生成综合图表失败: 'RecruitmentAnalysis' object has no attribute 'generate_province_recruitment_map'
2025-05-21 18:12:34,873 - __main__ - INFO - 启动图形界面
2025-05-21 18:13:01,186 - __main__ - INFO - 招聘数据分析系统初始化完成
2025-05-21 18:13:01,212 - bin.DataAnalyzer - INFO - 数据分析模块初始化完成
2025-05-21 18:13:01,212 - __main__ - INFO - 使用已有数据，跳过收集步骤
2025-05-21 18:13:01,212 - __main__ - INFO - 跳过数据存储步骤
2025-05-21 18:13:01,212 - __main__ - INFO - 开始分析range(2022, 2026)年的数据
2025-05-21 18:13:01,212 - __main__ - INFO - 处理2022年数据
2025-05-21 18:13:01,238 - bin.DataAnalyzer - INFO - 查询 2022 年数据，返回 3547 条记录
2025-05-21 18:13:01,561 - bin.DataAnalyzer - INFO - 2022年职位要求文本总长度: 1680032
2025-05-21 18:13:05,928 - bin.DataAnalyzer - INFO - 词云图已保存至: result/wordcloud\2022_wordcloud.png
2025-05-21 18:13:05,993 - bin.DataAnalyzer - INFO - 热力图已保存至: result/heatmap/2022.html
2025-05-21 18:13:06,347 - __main__ - INFO - 处理2023年数据
2025-05-21 18:13:06,385 - bin.DataAnalyzer - INFO - 查询 2023 年数据，返回 4427 条记录
2025-05-21 18:13:06,387 - bin.DataAnalyzer - INFO - 2023年职位要求文本总长度: 313777
2025-05-21 18:13:07,621 - bin.DataAnalyzer - INFO - 词云图已保存至: result/wordcloud\2023_wordcloud.png
2025-05-21 18:13:07,662 - bin.DataAnalyzer - INFO - 热力图已保存至: result/heatmap/2023.html
2025-05-21 18:13:07,993 - __main__ - INFO - 处理2024年数据
2025-05-21 18:13:08,026 - bin.DataAnalyzer - INFO - 查询 2024 年数据，返回 2322 条记录
2025-05-21 18:13:08,086 - bin.DataAnalyzer - INFO - 2024年职位要求文本总长度: 827915
2025-05-21 18:13:10,402 - bin.DataAnalyzer - INFO - 词云图已保存至: result/wordcloud\2024_wordcloud.png
2025-05-21 18:13:10,452 - bin.DataAnalyzer - INFO - 热力图已保存至: result/heatmap/2024.html
2025-05-21 18:13:10,773 - __main__ - INFO - 处理2025年数据
2025-05-21 18:13:10,842 - bin.DataAnalyzer - INFO - 查询 2025 年数据，返回 7785 条记录
2025-05-21 18:13:12,419 - bin.DataAnalyzer - INFO - 2025年职位要求文本总长度: 1908298
2025-05-21 18:13:16,830 - bin.DataAnalyzer - INFO - 词云图已保存至: result/wordcloud\2025_wordcloud.png
2025-05-21 18:13:16,896 - bin.DataAnalyzer - INFO - 热力图已保存至: result/heatmap/2025.html
2025-05-21 18:13:17,324 - bin.DataAnalyzer - INFO - 查询 2022 年数据，返回 3547 条记录
2025-05-21 18:13:17,645 - bin.DataAnalyzer - INFO - 2022年职位要求文本总长度: 1680032
2025-05-21 18:13:17,750 - bin.DataAnalyzer - INFO - 查询 2023 年数据，返回 4427 条记录
2025-05-21 18:13:17,752 - bin.DataAnalyzer - INFO - 2023年职位要求文本总长度: 313777
2025-05-21 18:13:17,862 - bin.DataAnalyzer - INFO - 查询 2024 年数据，返回 2322 条记录
2025-05-21 18:13:17,926 - bin.DataAnalyzer - INFO - 2024年职位要求文本总长度: 827915
2025-05-21 18:13:18,031 - bin.DataAnalyzer - INFO - 查询 2025 年数据，返回 7785 条记录
2025-05-21 18:13:19,624 - bin.DataAnalyzer - INFO - 2025年职位要求文本总长度: 1908298
2025-05-21 18:13:29,200 - bin.DataAnalyzer - INFO - 词云图已保存至: result/wordcloud\2022-2025_wordcloud.png
2025-05-21 18:13:29,592 - bin.DataAnalyzer - INFO - 热力图已保存至: result/heatmap/all.html
2025-05-21 18:13:29,592 - __main__ - INFO - 数据分析完成
2025-05-21 18:13:29,594 - __main__ - INFO - 启动图形界面
2025-05-21 18:26:37,385 - __main__ - INFO - 招聘数据分析系统初始化完成
2025-05-21 18:26:37,409 - bin.DataAnalyzer - INFO - 数据分析模块初始化完成
2025-05-21 18:26:37,409 - __main__ - INFO - 使用已有数据，跳过收集步骤
2025-05-21 18:26:37,409 - __main__ - INFO - 跳过数据存储步骤
2025-05-21 18:26:37,410 - __main__ - INFO - 开始分析range(2022, 2026)年的数据
2025-05-21 18:26:37,410 - __main__ - INFO - 处理2022年数据
2025-05-21 18:26:37,436 - bin.DataAnalyzer - INFO - 查询 2022 年数据，返回 3547 条记录
2025-05-21 18:26:37,748 - bin.DataAnalyzer - INFO - 2022年职位要求文本总长度: 1680032
2025-05-21 18:26:56,001 - __main__ - INFO - 招聘数据分析系统初始化完成
2025-05-21 18:26:56,026 - bin.DataAnalyzer - INFO - 数据分析模块初始化完成
2025-05-21 18:26:56,026 - __main__ - INFO - 使用已有数据，跳过收集步骤
2025-05-21 18:26:56,026 - __main__ - INFO - 跳过数据存储步骤
2025-05-21 18:26:56,026 - __main__ - INFO - 跳过数据分析步骤
2025-05-21 18:26:56,026 - __main__ - INFO - 启动图形界面
2025-05-21 18:32:04,845 - __main__ - INFO - 招聘数据分析系统初始化完成
2025-05-21 18:32:04,877 - bin.DataAnalyzer - INFO - 数据分析模块初始化完成
2025-05-21 18:32:04,877 - __main__ - INFO - 使用已有数据，跳过收集步骤
2025-05-21 18:32:04,877 - __main__ - INFO - 跳过数据存储步骤
2025-05-21 18:32:04,877 - __main__ - INFO - 跳过数据分析步骤
2025-05-21 18:32:04,877 - __main__ - INFO - 启动图形界面
2025-05-21 18:34:06,209 - __main__ - INFO - 招聘数据分析系统初始化完成
2025-05-21 18:34:06,236 - bin.DataAnalyzer - INFO - 数据分析模块初始化完成
2025-05-21 18:34:06,236 - __main__ - INFO - 使用已有数据，跳过收集步骤
2025-05-21 18:34:06,236 - __main__ - INFO - 跳过数据存储步骤
2025-05-21 18:34:06,236 - __main__ - INFO - 跳过数据分析步骤
2025-05-21 18:34:06,236 - __main__ - INFO - 启动图形界面
2025-05-21 18:35:37,379 - __main__ - INFO - 招聘数据分析系统初始化完成
2025-05-21 18:35:37,404 - bin.DataAnalyzer - INFO - 数据分析模块初始化完成
2025-05-21 18:35:37,404 - __main__ - INFO - 使用已有数据，跳过收集步骤
2025-05-21 18:35:37,404 - __main__ - INFO - 跳过数据存储步骤
2025-05-21 18:35:37,404 - __main__ - INFO - 跳过数据分析步骤
2025-05-21 18:35:37,405 - __main__ - INFO - 启动图形界面
2025-05-21 18:36:37,216 - __main__ - INFO - 招聘数据分析系统初始化完成
2025-05-21 18:36:37,242 - bin.DataAnalyzer - INFO - 数据分析模块初始化完成
2025-05-21 18:36:37,242 - __main__ - INFO - 使用已有数据，跳过收集步骤
2025-05-21 18:36:37,242 - __main__ - INFO - 跳过数据存储步骤
2025-05-21 18:36:37,242 - __main__ - INFO - 跳过数据分析步骤
2025-05-21 18:36:37,242 - __main__ - INFO - 启动图形界面
2025-05-21 18:37:59,122 - __main__ - INFO - 招聘数据分析系统初始化完成
2025-05-21 18:37:59,161 - bin.DataAnalyzer - INFO - 数据分析模块初始化完成
2025-05-21 18:37:59,162 - __main__ - INFO - 使用已有数据，跳过收集步骤
2025-05-21 18:37:59,162 - __main__ - INFO - 跳过数据存储步骤
2025-05-21 18:37:59,162 - __main__ - INFO - 跳过数据分析步骤
2025-05-21 18:37:59,162 - __main__ - INFO - 启动图形界面
2025-05-21 18:38:39,997 - __main__ - INFO - 招聘数据分析系统初始化完成
2025-05-21 18:38:40,024 - bin.DataAnalyzer - INFO - 数据分析模块初始化完成
2025-05-21 18:38:40,024 - __main__ - INFO - 使用已有数据，跳过收集步骤
2025-05-21 18:38:40,024 - __main__ - INFO - 跳过数据存储步骤
2025-05-21 18:38:40,024 - __main__ - INFO - 跳过数据分析步骤
2025-05-21 18:38:40,024 - __main__ - INFO - 启动图形界面
2025-05-21 18:40:20,623 - __main__ - INFO - 招聘数据分析系统初始化完成
2025-05-21 18:40:20,650 - bin.DataAnalyzer - INFO - 数据分析模块初始化完成
2025-05-21 18:40:20,650 - __main__ - INFO - 使用已有数据，跳过收集步骤
2025-05-21 18:40:20,650 - __main__ - INFO - 跳过数据存储步骤
2025-05-21 18:40:20,650 - __main__ - INFO - 跳过数据分析步骤
2025-05-21 18:40:20,650 - __main__ - INFO - 启动图形界面
2025-05-21 18:41:45,334 - __main__ - INFO - 招聘数据分析系统初始化完成
2025-05-21 18:41:45,360 - bin.DataAnalyzer - INFO - 数据分析模块初始化完成
2025-05-21 18:41:45,361 - __main__ - INFO - 使用已有数据，跳过收集步骤
2025-05-21 18:41:45,361 - __main__ - INFO - 跳过数据存储步骤
2025-05-21 18:41:45,361 - __main__ - INFO - 跳过数据分析步骤
2025-05-21 18:41:45,361 - __main__ - INFO - 启动图形界面
2025-05-21 18:44:11,227 - __main__ - INFO - 招聘数据分析系统初始化完成
2025-05-21 18:44:11,254 - bin.DataAnalyzer - INFO - 数据分析模块初始化完成
2025-05-21 18:44:11,254 - __main__ - INFO - 使用已有数据，跳过收集步骤
2025-05-21 18:44:11,254 - __main__ - INFO - 跳过数据存储步骤
2025-05-21 18:44:11,255 - __main__ - INFO - 跳过数据分析步骤
2025-05-21 18:44:11,255 - __main__ - INFO - 启动图形界面
2025-05-21 18:58:01,952 - __main__ - INFO - 招聘数据分析系统初始化完成
2025-05-21 18:58:01,979 - bin.DataAnalyzer - INFO - 数据分析模块初始化完成
2025-05-21 18:58:01,979 - __main__ - INFO - 使用已有数据，跳过收集步骤
2025-05-21 18:58:01,979 - __main__ - INFO - 跳过数据存储步骤
2025-05-21 18:58:01,979 - __main__ - INFO - 跳过数据分析步骤
2025-05-21 18:58:01,979 - __main__ - INFO - 启动图形界面
2025-05-21 22:43:27,198 - __main__ - INFO - 招聘数据分析系统初始化完成
2025-05-21 22:43:27,225 - bin.DataAnalyzer - INFO - 数据分析模块初始化完成
2025-05-21 22:43:27,225 - __main__ - INFO - 使用已有数据，跳过收集步骤
2025-05-21 22:43:27,225 - __main__ - INFO - 跳过数据存储步骤
2025-05-21 22:43:27,225 - __main__ - INFO - 开始分析range(2022, 2026)年的数据
2025-05-21 22:43:27,225 - __main__ - INFO - 处理2022年数据
2025-05-21 22:43:27,249 - bin.DataAnalyzer - INFO - 查询 2022 年数据，返回 3547 条记录
2025-05-21 22:43:27,627 - bin.DataAnalyzer - INFO - 2022年职位要求文本总长度: 1680032
2025-05-21 22:43:31,128 - bin.DataAnalyzer - INFO - 前200个单词已保存至: result/wordcloud\20250521_wordcloud.txt
2025-05-21 22:43:31,805 - bin.DataAnalyzer - INFO - 词云图已保存至: result/wordcloud\2022_wordcloud.png
2025-05-21 22:43:31,875 - bin.DataAnalyzer - INFO - 热力图已保存至: result/heatmap/2022.html
2025-05-21 22:43:32,255 - __main__ - INFO - 处理2023年数据
2025-05-21 22:43:32,294 - bin.DataAnalyzer - INFO - 查询 2023 年数据，返回 4427 条记录
2025-05-21 22:43:32,295 - bin.DataAnalyzer - INFO - 2023年职位要求文本总长度: 313777
2025-05-21 22:43:32,872 - bin.DataAnalyzer - INFO - 前200个单词已保存至: result/wordcloud\20250521_wordcloud.txt
2025-05-21 22:43:33,519 - bin.DataAnalyzer - INFO - 词云图已保存至: result/wordcloud\2023_wordcloud.png
2025-05-21 22:43:33,572 - bin.DataAnalyzer - INFO - 热力图已保存至: result/heatmap/2023.html
2025-05-21 22:43:33,907 - __main__ - INFO - 处理2024年数据
2025-05-21 22:43:33,935 - bin.DataAnalyzer - INFO - 查询 2024 年数据，返回 2322 条记录
2025-05-21 22:43:33,991 - bin.DataAnalyzer - INFO - 2024年职位要求文本总长度: 827915
2025-05-21 22:43:35,578 - bin.DataAnalyzer - INFO - 前200个单词已保存至: result/wordcloud\20250521_wordcloud.txt
2025-05-21 22:43:36,331 - bin.DataAnalyzer - INFO - 词云图已保存至: result/wordcloud\2024_wordcloud.png
2025-05-21 22:43:36,384 - bin.DataAnalyzer - INFO - 热力图已保存至: result/heatmap/2024.html
2025-05-21 22:43:36,712 - __main__ - INFO - 处理2025年数据
2025-05-21 22:43:36,777 - bin.DataAnalyzer - INFO - 查询 2025 年数据，返回 7785 条记录
2025-05-21 22:43:38,336 - bin.DataAnalyzer - INFO - 2025年职位要求文本总长度: 1908298
2025-05-21 22:43:41,974 - bin.DataAnalyzer - INFO - 前200个单词已保存至: result/wordcloud\20250521_wordcloud.txt
2025-05-21 22:43:42,736 - bin.DataAnalyzer - INFO - 词云图已保存至: result/wordcloud\2025_wordcloud.png
2025-05-21 22:43:42,814 - bin.DataAnalyzer - INFO - 热力图已保存至: result/heatmap/2025.html
2025-05-21 22:43:43,257 - bin.DataAnalyzer - INFO - 查询 2022 年数据，返回 3547 条记录
2025-05-21 22:43:43,566 - bin.DataAnalyzer - INFO - 2022年职位要求文本总长度: 1680032
2025-05-21 22:43:43,649 - bin.DataAnalyzer - INFO - 查询 2023 年数据，返回 4427 条记录
2025-05-21 22:43:43,651 - bin.DataAnalyzer - INFO - 2023年职位要求文本总长度: 313777
2025-05-21 22:43:43,727 - bin.DataAnalyzer - INFO - 查询 2024 年数据，返回 2322 条记录
2025-05-21 22:43:43,794 - bin.DataAnalyzer - INFO - 2024年职位要求文本总长度: 827915
2025-05-21 22:43:43,928 - bin.DataAnalyzer - INFO - 查询 2025 年数据，返回 7785 条记录
2025-05-21 22:43:45,502 - bin.DataAnalyzer - INFO - 2025年职位要求文本总长度: 1908298
2025-05-21 22:43:54,464 - bin.DataAnalyzer - INFO - 前200个单词已保存至: result/wordcloud\20250521_wordcloud.txt
2025-05-21 22:43:55,222 - bin.DataAnalyzer - INFO - 词云图已保存至: result/wordcloud\2022-2025_wordcloud.png
2025-05-21 22:43:55,611 - bin.DataAnalyzer - INFO - 热力图已保存至: result/heatmap/all.html
2025-05-21 22:43:55,612 - __main__ - INFO - 数据分析完成
2025-05-21 22:43:55,614 - __main__ - INFO - 启动图形界面
2025-05-21 22:48:42,658 - __main__ - INFO - 招聘数据分析系统初始化完成
2025-05-21 22:48:42,684 - bin.DataAnalyzer - INFO - 数据分析模块初始化完成
2025-05-21 22:48:42,684 - __main__ - INFO - 使用已有数据，跳过收集步骤
2025-05-21 22:48:42,684 - __main__ - INFO - 跳过数据存储步骤
2025-05-21 22:48:42,684 - __main__ - INFO - 开始分析range(2022, 2026)年的数据
2025-05-21 22:48:42,684 - __main__ - INFO - 处理2022年数据
2025-05-21 22:48:42,710 - bin.DataAnalyzer - INFO - 查询 2022 年数据，返回 3547 条记录
2025-05-21 22:48:43,021 - bin.DataAnalyzer - INFO - 2022年职位要求文本总长度: 1680032
2025-05-21 22:48:46,668 - bin.DataAnalyzer - INFO - 前200个单词已保存至: result/wordcloud\20250521_wordcloud.txt
2025-05-21 22:48:47,335 - bin.DataAnalyzer - INFO - 词云图已保存至: result/wordcloud\2022_wordcloud.png
2025-05-21 22:48:47,411 - bin.DataAnalyzer - INFO - 热力图已保存至: result/heatmap/2022.html
2025-05-21 22:48:47,746 - __main__ - INFO - 处理2023年数据
2025-05-21 22:48:47,787 - bin.DataAnalyzer - INFO - 查询 2023 年数据，返回 4427 条记录
2025-05-21 22:48:47,788 - bin.DataAnalyzer - INFO - 2023年职位要求文本总长度: 313777
2025-05-21 22:48:48,366 - bin.DataAnalyzer - INFO - 前200个单词已保存至: result/wordcloud\20250521_wordcloud.txt
2025-05-21 22:48:49,075 - bin.DataAnalyzer - INFO - 词云图已保存至: result/wordcloud\2023_wordcloud.png
2025-05-21 22:48:49,130 - bin.DataAnalyzer - INFO - 热力图已保存至: result/heatmap/2023.html
2025-05-21 22:48:49,504 - __main__ - INFO - 处理2024年数据
2025-05-21 22:48:49,541 - bin.DataAnalyzer - INFO - 查询 2024 年数据，返回 2322 条记录
2025-05-21 22:48:49,608 - bin.DataAnalyzer - INFO - 2024年职位要求文本总长度: 827915
2025-05-21 22:48:51,201 - bin.DataAnalyzer - INFO - 前200个单词已保存至: result/wordcloud\20250521_wordcloud.txt
2025-05-21 22:48:51,963 - bin.DataAnalyzer - INFO - 词云图已保存至: result/wordcloud\2024_wordcloud.png
2025-05-21 22:48:52,012 - bin.DataAnalyzer - INFO - 热力图已保存至: result/heatmap/2024.html
2025-05-21 22:48:52,334 - __main__ - INFO - 处理2025年数据
2025-05-21 22:48:52,399 - bin.DataAnalyzer - INFO - 查询 2025 年数据，返回 7785 条记录
2025-05-21 22:48:54,049 - bin.DataAnalyzer - INFO - 2025年职位要求文本总长度: 1908298
2025-05-21 22:48:57,913 - bin.DataAnalyzer - INFO - 前200个单词已保存至: result/wordcloud\20250521_wordcloud.txt
2025-05-21 22:48:58,700 - bin.DataAnalyzer - INFO - 词云图已保存至: result/wordcloud\2025_wordcloud.png
2025-05-21 22:48:58,771 - bin.DataAnalyzer - INFO - 热力图已保存至: result/heatmap/2025.html
2025-05-21 22:48:59,196 - bin.DataAnalyzer - INFO - 查询 2022 年数据，返回 3547 条记录
2025-05-21 22:48:59,528 - bin.DataAnalyzer - INFO - 2022年职位要求文本总长度: 1680032
2025-05-21 22:48:59,594 - bin.DataAnalyzer - INFO - 查询 2023 年数据，返回 4427 条记录
2025-05-21 22:48:59,596 - bin.DataAnalyzer - INFO - 2023年职位要求文本总长度: 313777
2025-05-21 22:48:59,699 - bin.DataAnalyzer - INFO - 查询 2024 年数据，返回 2322 条记录
2025-05-21 22:48:59,755 - bin.DataAnalyzer - INFO - 2024年职位要求文本总长度: 827915
2025-05-21 22:48:59,851 - bin.DataAnalyzer - INFO - 查询 2025 年数据，返回 7785 条记录
2025-05-21 22:49:01,471 - bin.DataAnalyzer - INFO - 2025年职位要求文本总长度: 1908298
2025-05-21 22:49:10,385 - bin.DataAnalyzer - INFO - 前200个单词已保存至: result/wordcloud\20250521_wordcloud.txt
2025-05-21 22:49:11,117 - bin.DataAnalyzer - INFO - 词云图已保存至: result/wordcloud\2022-2025_wordcloud.png
2025-05-21 22:49:11,506 - bin.DataAnalyzer - INFO - 热力图已保存至: result/heatmap/all.html
2025-05-21 22:49:11,506 - __main__ - INFO - 数据分析完成
2025-05-21 22:49:11,509 - __main__ - INFO - 启动图形界面
2025-05-21 22:54:14,507 - __main__ - INFO - 招聘数据分析系统初始化完成
2025-05-21 22:54:14,532 - bin.DataAnalyzer - INFO - 数据分析模块初始化完成
2025-05-21 22:54:14,532 - __main__ - INFO - 使用已有数据，跳过收集步骤
2025-05-21 22:54:14,532 - __main__ - INFO - 跳过数据存储步骤
2025-05-21 22:54:14,532 - __main__ - INFO - 开始分析range(2022, 2026)年的数据
2025-05-21 22:54:14,532 - __main__ - INFO - 处理2022年数据
2025-05-21 22:54:14,557 - bin.DataAnalyzer - INFO - 查询 2022 年数据，返回 3547 条记录
2025-05-21 22:54:14,869 - bin.DataAnalyzer - INFO - 2022年职位要求文本总长度: 1680032
2025-05-21 22:54:18,435 - bin.DataAnalyzer - INFO - 前200个单词已保存至: result/wordcloud\1747839258434_wordcloud.txt
2025-05-21 22:54:19,109 - bin.DataAnalyzer - INFO - 词云图已保存至: result/wordcloud\2022_wordcloud.png
2025-05-21 22:54:19,185 - bin.DataAnalyzer - INFO - 热力图已保存至: result/heatmap/2022.html
2025-05-21 22:54:19,540 - __main__ - INFO - 处理2023年数据
2025-05-21 22:54:19,574 - bin.DataAnalyzer - INFO - 查询 2023 年数据，返回 4427 条记录
2025-05-21 22:54:19,575 - bin.DataAnalyzer - INFO - 2023年职位要求文本总长度: 313777
2025-05-21 22:54:20,161 - bin.DataAnalyzer - INFO - 前200个单词已保存至: result/wordcloud\1747839260160_wordcloud.txt
2025-05-21 22:54:20,836 - bin.DataAnalyzer - INFO - 词云图已保存至: result/wordcloud\2023_wordcloud.png
2025-05-21 22:54:20,895 - bin.DataAnalyzer - INFO - 热力图已保存至: result/heatmap/2023.html
2025-05-21 22:54:21,234 - __main__ - INFO - 处理2024年数据
2025-05-21 22:54:21,269 - bin.DataAnalyzer - INFO - 查询 2024 年数据，返回 2322 条记录
2025-05-21 22:54:21,323 - bin.DataAnalyzer - INFO - 2024年职位要求文本总长度: 827915
2025-05-21 22:54:22,903 - bin.DataAnalyzer - INFO - 前200个单词已保存至: result/wordcloud\1747839262902_wordcloud.txt
2025-05-21 22:54:23,714 - bin.DataAnalyzer - INFO - 词云图已保存至: result/wordcloud\2024_wordcloud.png
2025-05-21 22:54:23,774 - bin.DataAnalyzer - INFO - 热力图已保存至: result/heatmap/2024.html
2025-05-21 22:54:24,120 - __main__ - INFO - 处理2025年数据
2025-05-21 22:54:24,175 - bin.DataAnalyzer - INFO - 查询 2025 年数据，返回 7785 条记录
2025-05-21 22:54:25,755 - bin.DataAnalyzer - INFO - 2025年职位要求文本总长度: 1908298
2025-05-21 22:54:29,379 - bin.DataAnalyzer - INFO - 前200个单词已保存至: result/wordcloud\1747839269378_wordcloud.txt
2025-05-21 22:54:30,124 - bin.DataAnalyzer - INFO - 词云图已保存至: result/wordcloud\2025_wordcloud.png
2025-05-21 22:54:30,202 - bin.DataAnalyzer - INFO - 热力图已保存至: result/heatmap/2025.html
2025-05-21 22:54:30,649 - bin.DataAnalyzer - INFO - 查询 2022 年数据，返回 3547 条记录
2025-05-21 22:54:30,981 - bin.DataAnalyzer - INFO - 2022年职位要求文本总长度: 1680032
2025-05-21 22:54:31,088 - bin.DataAnalyzer - INFO - 查询 2023 年数据，返回 4427 条记录
2025-05-21 22:54:31,091 - bin.DataAnalyzer - INFO - 2023年职位要求文本总长度: 313777
2025-05-21 22:54:31,170 - bin.DataAnalyzer - INFO - 查询 2024 年数据，返回 2322 条记录
2025-05-21 22:54:31,241 - bin.DataAnalyzer - INFO - 2024年职位要求文本总长度: 827915
2025-05-21 22:54:31,347 - bin.DataAnalyzer - INFO - 查询 2025 年数据，返回 7785 条记录
2025-05-21 22:54:32,926 - bin.DataAnalyzer - INFO - 2025年职位要求文本总长度: 1908298
2025-05-21 22:54:42,055 - bin.DataAnalyzer - INFO - 前200个单词已保存至: result/wordcloud\1747839282054_wordcloud.txt
2025-05-21 22:54:42,808 - bin.DataAnalyzer - INFO - 词云图已保存至: result/wordcloud\2022-2025_wordcloud.png
2025-05-21 22:54:43,200 - bin.DataAnalyzer - INFO - 热力图已保存至: result/heatmap/all.html
2025-05-21 22:54:43,200 - __main__ - INFO - 数据分析完成
2025-05-21 22:54:43,203 - __main__ - INFO - 启动图形界面
2025-05-21 22:55:46,369 - __main__ - INFO - 招聘数据分析系统初始化完成
2025-05-21 22:55:46,394 - bin.DataAnalyzer - INFO - 数据分析模块初始化完成
2025-05-21 22:55:46,394 - __main__ - INFO - 使用已有数据，跳过收集步骤
2025-05-21 22:55:46,394 - __main__ - INFO - 跳过数据存储步骤
2025-05-21 22:55:46,395 - __main__ - INFO - 开始分析range(2022, 2026)年的数据
2025-05-21 22:55:46,395 - __main__ - INFO - 处理2022年数据
2025-05-21 22:55:46,419 - bin.DataAnalyzer - INFO - 查询 2022 年数据，返回 3547 条记录
2025-05-21 22:55:46,738 - bin.DataAnalyzer - INFO - 2022年职位要求文本总长度: 1680032
2025-05-21 22:55:50,237 - bin.DataAnalyzer - INFO - 前200个单词已保存至: result/wordcloud\result/wordcloud/1747839350236_wordcloud.txt
2025-05-21 22:55:50,927 - bin.DataAnalyzer - INFO - 词云图已保存至: result/wordcloud\2022_wordcloud.png
2025-05-21 22:55:50,997 - bin.DataAnalyzer - INFO - 热力图已保存至: result/heatmap/2022.html
2025-05-21 22:55:51,345 - __main__ - INFO - 处理2023年数据
2025-05-21 22:55:51,387 - bin.DataAnalyzer - INFO - 查询 2023 年数据，返回 4427 条记录
2025-05-21 22:55:51,388 - bin.DataAnalyzer - INFO - 2023年职位要求文本总长度: 313777
2025-05-21 22:55:51,964 - bin.DataAnalyzer - INFO - 前200个单词已保存至: result/wordcloud\result/wordcloud/1747839351964_wordcloud.txt
2025-05-21 22:55:52,639 - bin.DataAnalyzer - INFO - 词云图已保存至: result/wordcloud\2023_wordcloud.png
2025-05-21 22:55:52,692 - bin.DataAnalyzer - INFO - 热力图已保存至: result/heatmap/2023.html
2025-05-21 22:55:53,017 - __main__ - INFO - 处理2024年数据
2025-05-21 22:55:53,051 - bin.DataAnalyzer - INFO - 查询 2024 年数据，返回 2322 条记录
2025-05-21 22:55:53,104 - bin.DataAnalyzer - INFO - 2024年职位要求文本总长度: 827915
2025-05-21 22:55:54,690 - bin.DataAnalyzer - INFO - 前200个单词已保存至: result/wordcloud\result/wordcloud/1747839354687_wordcloud.txt
2025-05-21 22:55:55,466 - bin.DataAnalyzer - INFO - 词云图已保存至: result/wordcloud\2024_wordcloud.png
2025-05-21 22:55:55,523 - bin.DataAnalyzer - INFO - 热力图已保存至: result/heatmap/2024.html
2025-05-21 22:55:55,850 - __main__ - INFO - 处理2025年数据
2025-05-21 22:55:55,912 - bin.DataAnalyzer - INFO - 查询 2025 年数据，返回 7785 条记录
2025-05-21 22:55:57,508 - bin.DataAnalyzer - INFO - 2025年职位要求文本总长度: 1908298
2025-05-21 22:56:01,167 - bin.DataAnalyzer - INFO - 前200个单词已保存至: result/wordcloud\result/wordcloud/1747839361166_wordcloud.txt
2025-05-21 22:56:01,908 - bin.DataAnalyzer - INFO - 词云图已保存至: result/wordcloud\2025_wordcloud.png
2025-05-21 22:56:01,977 - bin.DataAnalyzer - INFO - 热力图已保存至: result/heatmap/2025.html
2025-05-21 22:56:02,406 - bin.DataAnalyzer - INFO - 查询 2022 年数据，返回 3547 条记录
2025-05-21 22:56:02,734 - bin.DataAnalyzer - INFO - 2022年职位要求文本总长度: 1680032
2025-05-21 22:56:02,831 - bin.DataAnalyzer - INFO - 查询 2023 年数据，返回 4427 条记录
2025-05-21 22:56:02,833 - bin.DataAnalyzer - INFO - 2023年职位要求文本总长度: 313777
2025-05-21 22:56:02,940 - bin.DataAnalyzer - INFO - 查询 2024 年数据，返回 2322 条记录
2025-05-21 22:56:03,003 - bin.DataAnalyzer - INFO - 2024年职位要求文本总长度: 827915
2025-05-21 22:56:03,122 - bin.DataAnalyzer - INFO - 查询 2025 年数据，返回 7785 条记录
2025-05-21 22:56:04,708 - bin.DataAnalyzer - INFO - 2025年职位要求文本总长度: 1908298
2025-05-21 22:56:13,467 - bin.DataAnalyzer - INFO - 前200个单词已保存至: result/wordcloud\result/wordcloud/1747839373466_wordcloud.txt
2025-05-21 22:56:14,219 - bin.DataAnalyzer - INFO - 词云图已保存至: result/wordcloud\2022-2025_wordcloud.png
2025-05-21 22:56:14,609 - bin.DataAnalyzer - INFO - 热力图已保存至: result/heatmap/all.html
2025-05-21 22:56:14,609 - __main__ - INFO - 数据分析完成
2025-05-21 22:56:14,612 - __main__ - INFO - 启动图形界面
2025-05-21 23:11:20,219 - __main__ - INFO - 招聘数据分析系统初始化完成
2025-05-21 23:11:20,245 - bin.DataAnalyzer - INFO - 数据分析模块初始化完成
2025-05-21 23:11:20,245 - __main__ - INFO - 使用已有数据，跳过收集步骤
2025-05-21 23:11:20,245 - __main__ - INFO - 跳过数据存储步骤
2025-05-21 23:11:20,245 - __main__ - INFO - 开始分析range(2022, 2026)年的数据
2025-05-21 23:11:20,245 - __main__ - INFO - 处理2022年数据
2025-05-21 23:11:20,270 - bin.DataAnalyzer - INFO - 查询 2022 年数据，返回 3547 条记录
2025-05-21 23:11:20,604 - bin.DataAnalyzer - INFO - 2022年职位要求文本总长度: 1680032
2025-05-21 23:11:24,517 - bin.DataAnalyzer - INFO - 前200个单词已保存至: result/wordcloud\result/wordcloud/1747840284516_wordcloud.txt
2025-05-21 23:11:25,221 - bin.DataAnalyzer - INFO - 词云图已保存至: result/wordcloud\2022_wordcloud.png
2025-05-21 23:11:25,288 - bin.DataAnalyzer - INFO - 热力图已保存至: result/heatmap/2022.html
2025-05-21 23:11:25,654 - __main__ - INFO - 处理2023年数据
2025-05-21 23:11:25,674 - bin.DataAnalyzer - INFO - 查询 2023 年数据，返回 4427 条记录
2025-05-21 23:11:25,675 - bin.DataAnalyzer - INFO - 2023年职位要求文本总长度: 313777
2025-05-21 23:11:26,286 - bin.DataAnalyzer - INFO - 前200个单词已保存至: result/wordcloud\result/wordcloud/1747840286285_wordcloud.txt
2025-05-21 23:11:26,941 - bin.DataAnalyzer - INFO - 词云图已保存至: result/wordcloud\2023_wordcloud.png
2025-05-21 23:11:26,983 - bin.DataAnalyzer - INFO - 热力图已保存至: result/heatmap/2023.html
2025-05-21 23:11:27,332 - __main__ - INFO - 处理2024年数据
2025-05-21 23:11:27,370 - bin.DataAnalyzer - INFO - 查询 2024 年数据，返回 2322 条记录
2025-05-21 23:11:27,433 - bin.DataAnalyzer - INFO - 2024年职位要求文本总长度: 827915
2025-05-21 23:11:29,099 - bin.DataAnalyzer - INFO - 前200个单词已保存至: result/wordcloud\result/wordcloud/1747840289099_wordcloud.txt
2025-05-21 23:11:29,914 - bin.DataAnalyzer - INFO - 词云图已保存至: result/wordcloud\2024_wordcloud.png
2025-05-21 23:11:29,969 - bin.DataAnalyzer - INFO - 热力图已保存至: result/heatmap/2024.html
2025-05-21 23:11:30,319 - __main__ - INFO - 处理2025年数据
2025-05-21 23:11:30,392 - bin.DataAnalyzer - INFO - 查询 2025 年数据，返回 7785 条记录
2025-05-21 23:11:32,057 - bin.DataAnalyzer - INFO - 2025年职位要求文本总长度: 1908298
2025-05-21 23:11:35,781 - bin.DataAnalyzer - INFO - 前200个单词已保存至: result/wordcloud\result/wordcloud/1747840295780_wordcloud.txt
2025-05-21 23:11:36,541 - bin.DataAnalyzer - INFO - 词云图已保存至: result/wordcloud\2025_wordcloud.png
2025-05-21 23:11:36,605 - bin.DataAnalyzer - INFO - 热力图已保存至: result/heatmap/2025.html
2025-05-21 23:11:37,052 - bin.DataAnalyzer - INFO - 查询 2022 年数据，返回 3547 条记录
2025-05-21 23:11:37,376 - bin.DataAnalyzer - INFO - 2022年职位要求文本总长度: 1680032
2025-05-21 23:11:37,475 - bin.DataAnalyzer - INFO - 查询 2023 年数据，返回 4427 条记录
2025-05-21 23:11:37,480 - bin.DataAnalyzer - INFO - 2023年职位要求文本总长度: 313777
2025-05-21 23:11:37,584 - bin.DataAnalyzer - INFO - 查询 2024 年数据，返回 2322 条记录
2025-05-21 23:11:37,647 - bin.DataAnalyzer - INFO - 2024年职位要求文本总长度: 827915
2025-05-21 23:11:37,735 - bin.DataAnalyzer - INFO - 查询 2025 年数据，返回 7785 条记录
2025-05-21 23:11:39,360 - bin.DataAnalyzer - INFO - 2025年职位要求文本总长度: 1908298
2025-05-21 23:11:48,444 - bin.DataAnalyzer - INFO - 前200个单词已保存至: result/wordcloud\result/wordcloud/1747840308443_wordcloud.txt
2025-05-21 23:11:49,296 - bin.DataAnalyzer - INFO - 词云图已保存至: result/wordcloud\2022-2025_wordcloud.png
2025-05-21 23:11:49,695 - bin.DataAnalyzer - INFO - 热力图已保存至: result/heatmap/all.html
2025-05-21 23:11:49,695 - __main__ - INFO - 数据分析完成
2025-05-21 23:11:49,698 - __main__ - INFO - 启动图形界面
2025-05-21 23:14:23,087 - __main__ - INFO - 招聘数据分析系统初始化完成
2025-05-21 23:14:23,112 - bin.DataAnalyzer - INFO - 数据分析模块初始化完成
2025-05-21 23:14:23,112 - __main__ - INFO - 使用已有数据，跳过收集步骤
2025-05-21 23:14:23,112 - __main__ - INFO - 跳过数据存储步骤
2025-05-21 23:14:23,112 - __main__ - INFO - 开始分析range(2022, 2026)年的数据
2025-05-21 23:14:23,112 - __main__ - INFO - 处理2022年数据
2025-05-21 23:14:23,136 - bin.DataAnalyzer - INFO - 查询 2022 年数据，返回 3547 条记录
2025-05-21 23:14:23,459 - bin.DataAnalyzer - INFO - 2022年职位要求文本总长度: 1680032
2025-05-21 23:14:26,987 - bin.DataAnalyzer - INFO - 前200个单词已保存至: result/wordcloud\result/wordcloud/1747840466986_wordcloud.txt
2025-05-21 23:14:27,697 - bin.DataAnalyzer - INFO - 词云图已保存至: result/wordcloud\2022_wordcloud.png
2025-05-21 23:14:27,765 - bin.DataAnalyzer - INFO - 热力图已保存至: result/heatmap/2022.html
2025-05-21 23:14:28,113 - __main__ - INFO - 处理2023年数据
2025-05-21 23:14:28,131 - bin.DataAnalyzer - INFO - 查询 2023 年数据，返回 4427 条记录
2025-05-21 23:14:28,132 - bin.DataAnalyzer - INFO - 2023年职位要求文本总长度: 313777
2025-05-21 23:14:28,703 - bin.DataAnalyzer - INFO - 前200个单词已保存至: result/wordcloud\result/wordcloud/1747840468702_wordcloud.txt
2025-05-21 23:14:29,360 - bin.DataAnalyzer - INFO - 词云图已保存至: result/wordcloud\2023_wordcloud.png
2025-05-21 23:14:29,415 - bin.DataAnalyzer - INFO - 热力图已保存至: result/heatmap/2023.html
2025-05-21 23:14:29,745 - __main__ - INFO - 处理2024年数据
2025-05-21 23:14:29,775 - bin.DataAnalyzer - INFO - 查询 2024 年数据，返回 2322 条记录
2025-05-21 23:14:29,837 - bin.DataAnalyzer - INFO - 2024年职位要求文本总长度: 827915
2025-05-21 23:14:31,409 - bin.DataAnalyzer - INFO - 前200个单词已保存至: result/wordcloud\result/wordcloud/1747840471408_wordcloud.txt
2025-05-21 23:14:32,196 - bin.DataAnalyzer - INFO - 词云图已保存至: result/wordcloud\2024_wordcloud.png
2025-05-21 23:14:32,251 - bin.DataAnalyzer - INFO - 热力图已保存至: result/heatmap/2024.html
2025-05-21 23:14:32,580 - __main__ - INFO - 处理2025年数据
2025-05-21 23:14:32,643 - bin.DataAnalyzer - INFO - 查询 2025 年数据，返回 7785 条记录
2025-05-21 23:14:34,279 - bin.DataAnalyzer - INFO - 2025年职位要求文本总长度: 1908298
2025-05-21 23:14:38,031 - bin.DataAnalyzer - INFO - 前200个单词已保存至: result/wordcloud\result/wordcloud/1747840478030_wordcloud.txt
2025-05-21 23:14:38,786 - bin.DataAnalyzer - INFO - 词云图已保存至: result/wordcloud\2025_wordcloud.png
2025-05-21 23:14:38,855 - bin.DataAnalyzer - INFO - 热力图已保存至: result/heatmap/2025.html
2025-05-21 23:14:39,266 - bin.DataAnalyzer - INFO - 查询 2022 年数据，返回 3547 条记录
2025-05-21 23:14:39,597 - bin.DataAnalyzer - INFO - 2022年职位要求文本总长度: 1680032
2025-05-21 23:14:39,693 - bin.DataAnalyzer - INFO - 查询 2023 年数据，返回 4427 条记录
2025-05-21 23:14:39,695 - bin.DataAnalyzer - INFO - 2023年职位要求文本总长度: 313777
2025-05-21 23:14:39,801 - bin.DataAnalyzer - INFO - 查询 2024 年数据，返回 2322 条记录
2025-05-21 23:14:39,862 - bin.DataAnalyzer - INFO - 2024年职位要求文本总长度: 827915
2025-05-21 23:14:39,956 - bin.DataAnalyzer - INFO - 查询 2025 年数据，返回 7785 条记录
2025-05-21 23:14:41,621 - bin.DataAnalyzer - INFO - 2025年职位要求文本总长度: 1908298
2025-05-21 23:14:50,912 - bin.DataAnalyzer - INFO - 前200个单词已保存至: result/wordcloud\result/wordcloud/1747840490911_wordcloud.txt
2025-05-21 23:14:51,802 - bin.DataAnalyzer - INFO - 词云图已保存至: result/wordcloud\2022-2025_wordcloud.png
2025-05-21 23:14:52,219 - bin.DataAnalyzer - INFO - 热力图已保存至: result/heatmap/all.html
2025-05-21 23:14:52,219 - __main__ - INFO - 数据分析完成
2025-05-21 23:14:52,221 - __main__ - INFO - 启动图形界面
2025-05-21 23:15:54,289 - __main__ - INFO - 招聘数据分析系统初始化完成
2025-05-21 23:15:54,314 - bin.DataAnalyzer - INFO - 数据分析模块初始化完成
2025-05-21 23:15:54,314 - __main__ - INFO - 使用已有数据，跳过收集步骤
2025-05-21 23:15:54,314 - __main__ - INFO - 跳过数据存储步骤
2025-05-21 23:15:54,314 - __main__ - INFO - 开始分析range(2022, 2026)年的数据
2025-05-21 23:15:54,314 - __main__ - INFO - 处理2022年数据
2025-05-21 23:15:54,337 - bin.DataAnalyzer - INFO - 查询 2022 年数据，返回 3547 条记录
2025-05-21 23:15:54,658 - bin.DataAnalyzer - INFO - 2022年职位要求文本总长度: 1680032
2025-05-21 23:15:58,231 - bin.DataAnalyzer - INFO - 前200个单词已保存至: result/wordcloud\result/wordcloud/1747840558230_wordcloud.txt
2025-05-21 23:15:58,907 - bin.DataAnalyzer - INFO - 词云图已保存至: result/wordcloud\2022_wordcloud.png
2025-05-21 23:15:58,987 - bin.DataAnalyzer - INFO - 热力图已保存至: result/heatmap/2022.html
2025-05-21 23:15:59,340 - __main__ - INFO - 处理2023年数据
2025-05-21 23:15:59,375 - bin.DataAnalyzer - INFO - 查询 2023 年数据，返回 4427 条记录
2025-05-21 23:15:59,376 - bin.DataAnalyzer - INFO - 2023年职位要求文本总长度: 313777
2025-05-21 23:15:59,963 - bin.DataAnalyzer - INFO - 前200个单词已保存至: result/wordcloud\result/wordcloud/1747840559960_wordcloud.txt
2025-05-21 23:16:00,614 - bin.DataAnalyzer - INFO - 词云图已保存至: result/wordcloud\2023_wordcloud.png
2025-05-21 23:16:00,666 - bin.DataAnalyzer - INFO - 热力图已保存至: result/heatmap/2023.html
2025-05-21 23:16:01,014 - __main__ - INFO - 处理2024年数据
2025-05-21 23:16:01,046 - bin.DataAnalyzer - INFO - 查询 2024 年数据，返回 2322 条记录
2025-05-21 23:16:01,105 - bin.DataAnalyzer - INFO - 2024年职位要求文本总长度: 827915
2025-05-21 23:16:02,864 - bin.DataAnalyzer - INFO - 前200个单词已保存至: result/wordcloud\result/wordcloud/1747840562863_wordcloud.txt
2025-05-21 23:16:03,640 - bin.DataAnalyzer - INFO - 词云图已保存至: result/wordcloud\2024_wordcloud.png
2025-05-21 23:16:03,694 - bin.DataAnalyzer - INFO - 热力图已保存至: result/heatmap/2024.html
2025-05-21 23:16:04,038 - __main__ - INFO - 处理2025年数据
2025-05-21 23:16:04,097 - bin.DataAnalyzer - INFO - 查询 2025 年数据，返回 7785 条记录
2025-05-21 23:16:05,772 - bin.DataAnalyzer - INFO - 2025年职位要求文本总长度: 1908298
2025-05-21 23:16:09,789 - bin.DataAnalyzer - INFO - 前200个单词已保存至: result/wordcloud\result/wordcloud/1747840569789_wordcloud.txt
2025-05-21 23:16:10,570 - bin.DataAnalyzer - INFO - 词云图已保存至: result/wordcloud\2025_wordcloud.png
2025-05-21 23:16:10,639 - bin.DataAnalyzer - INFO - 热力图已保存至: result/heatmap/2025.html
2025-05-21 23:16:11,068 - bin.DataAnalyzer - INFO - 查询 2022 年数据，返回 3547 条记录
2025-05-21 23:16:11,395 - bin.DataAnalyzer - INFO - 2022年职位要求文本总长度: 1680032
2025-05-21 23:16:11,477 - bin.DataAnalyzer - INFO - 查询 2023 年数据，返回 4427 条记录
2025-05-21 23:16:11,479 - bin.DataAnalyzer - INFO - 2023年职位要求文本总长度: 313777
2025-05-21 23:16:11,578 - bin.DataAnalyzer - INFO - 查询 2024 年数据，返回 2322 条记录
2025-05-21 23:16:11,642 - bin.DataAnalyzer - INFO - 2024年职位要求文本总长度: 827915
2025-05-21 23:16:11,744 - bin.DataAnalyzer - INFO - 查询 2025 年数据，返回 7785 条记录
2025-05-21 23:16:13,455 - bin.DataAnalyzer - INFO - 2025年职位要求文本总长度: 1908298
2025-05-21 23:16:22,739 - bin.DataAnalyzer - INFO - 前200个单词已保存至: result/wordcloud\result/wordcloud/1747840582739_wordcloud.txt
2025-05-21 23:16:23,538 - bin.DataAnalyzer - INFO - 词云图已保存至: result/wordcloud\2022-2025_wordcloud.png
2025-05-21 23:16:23,934 - bin.DataAnalyzer - INFO - 热力图已保存至: result/heatmap/all.html
2025-05-21 23:16:23,935 - __main__ - INFO - 数据分析完成
2025-05-21 23:16:23,937 - __main__ - INFO - 启动图形界面
2025-05-21 23:17:44,557 - __main__ - INFO - 招聘数据分析系统初始化完成
2025-05-21 23:17:44,584 - bin.DataAnalyzer - INFO - 数据分析模块初始化完成
2025-05-21 23:17:44,584 - __main__ - INFO - 使用已有数据，跳过收集步骤
2025-05-21 23:17:44,584 - __main__ - INFO - 跳过数据存储步骤
2025-05-21 23:17:44,584 - __main__ - INFO - 开始分析range(2022, 2026)年的数据
2025-05-21 23:17:44,584 - __main__ - INFO - 处理2022年数据
2025-05-21 23:17:44,610 - bin.DataAnalyzer - INFO - 查询 2022 年数据，返回 3547 条记录
2025-05-21 23:17:44,955 - bin.DataAnalyzer - INFO - 2022年职位要求文本总长度: 1680032
2025-05-21 23:17:48,619 - bin.DataAnalyzer - INFO - 前200个单词已保存至: result/wordcloud\result/wordcloud/1747840668618_wordcloud.txt
2025-05-21 23:17:49,330 - bin.DataAnalyzer - INFO - 词云图已保存至: result/wordcloud\2022_wordcloud.png
2025-05-21 23:17:49,397 - bin.DataAnalyzer - INFO - 热力图已保存至: result/heatmap/2022.html
2025-05-21 23:17:49,770 - __main__ - INFO - 处理2023年数据
2025-05-21 23:17:49,792 - bin.DataAnalyzer - INFO - 查询 2023 年数据，返回 4427 条记录
2025-05-21 23:17:49,793 - bin.DataAnalyzer - INFO - 2023年职位要求文本总长度: 313777
2025-05-21 23:17:50,390 - bin.DataAnalyzer - INFO - 前200个单词已保存至: result/wordcloud\result/wordcloud/1747840670390_wordcloud.txt
2025-05-21 23:17:51,092 - bin.DataAnalyzer - INFO - 词云图已保存至: result/wordcloud\2023_wordcloud.png
2025-05-21 23:17:51,146 - bin.DataAnalyzer - INFO - 热力图已保存至: result/heatmap/2023.html
2025-05-21 23:17:51,482 - __main__ - INFO - 处理2024年数据
2025-05-21 23:17:51,511 - bin.DataAnalyzer - INFO - 查询 2024 年数据，返回 2322 条记录
2025-05-21 23:17:51,565 - bin.DataAnalyzer - INFO - 2024年职位要求文本总长度: 827915
2025-05-21 23:17:53,215 - bin.DataAnalyzer - INFO - 前200个单词已保存至: result/wordcloud\result/wordcloud/1747840673215_wordcloud.txt
2025-05-21 23:17:53,997 - bin.DataAnalyzer - INFO - 词云图已保存至: result/wordcloud\2024_wordcloud.png
2025-05-21 23:17:54,051 - bin.DataAnalyzer - INFO - 热力图已保存至: result/heatmap/2024.html
2025-05-21 23:17:54,388 - __main__ - INFO - 处理2025年数据
2025-05-21 23:17:54,455 - bin.DataAnalyzer - INFO - 查询 2025 年数据，返回 7785 条记录
2025-05-21 23:17:56,115 - bin.DataAnalyzer - INFO - 2025年职位要求文本总长度: 1908298
2025-05-21 23:17:59,806 - bin.DataAnalyzer - INFO - 前200个单词已保存至: result/wordcloud\result/wordcloud/1747840679805_wordcloud.txt
2025-05-21 23:18:00,597 - bin.DataAnalyzer - INFO - 词云图已保存至: result/wordcloud\2025_wordcloud.png
2025-05-21 23:18:00,667 - bin.DataAnalyzer - INFO - 热力图已保存至: result/heatmap/2025.html
2025-05-21 23:18:01,108 - bin.DataAnalyzer - INFO - 查询 2022 年数据，返回 3547 条记录
2025-05-21 23:18:01,425 - bin.DataAnalyzer - INFO - 2022年职位要求文本总长度: 1680032
2025-05-21 23:18:01,519 - bin.DataAnalyzer - INFO - 查询 2023 年数据，返回 4427 条记录
2025-05-21 23:18:01,521 - bin.DataAnalyzer - INFO - 2023年职位要求文本总长度: 313777
2025-05-21 23:18:01,627 - bin.DataAnalyzer - INFO - 查询 2024 年数据，返回 2322 条记录
2025-05-21 23:18:01,688 - bin.DataAnalyzer - INFO - 2024年职位要求文本总长度: 827915
2025-05-21 23:18:01,775 - bin.DataAnalyzer - INFO - 查询 2025 年数据，返回 7785 条记录
2025-05-21 23:18:03,377 - bin.DataAnalyzer - INFO - 2025年职位要求文本总长度: 1908298
2025-05-21 23:18:12,251 - bin.DataAnalyzer - INFO - 前200个单词已保存至: result/wordcloud\result/wordcloud/1747840692250_wordcloud.txt
2025-05-21 23:18:13,010 - bin.DataAnalyzer - INFO - 词云图已保存至: result/wordcloud\2022-2025_wordcloud.png
2025-05-21 23:18:13,396 - bin.DataAnalyzer - INFO - 热力图已保存至: result/heatmap/all.html
2025-05-21 23:18:13,397 - __main__ - INFO - 数据分析完成
2025-05-21 23:18:13,399 - __main__ - INFO - 启动图形界面
2025-05-21 23:22:29,376 - __main__ - INFO - 招聘数据分析系统初始化完成
2025-05-21 23:22:29,401 - bin.DataAnalyzer - INFO - 数据分析模块初始化完成
2025-05-21 23:22:29,401 - __main__ - INFO - 使用已有数据，跳过收集步骤
2025-05-21 23:22:29,401 - __main__ - INFO - 跳过数据存储步骤
2025-05-21 23:22:29,401 - __main__ - INFO - 跳过数据分析步骤
2025-05-21 23:22:29,401 - __main__ - INFO - 启动图形界面
